INFO [2019-10-03 09:07:03] [[1]]
INFO [2019-10-03 09:07:03] list(resSig_Cv653$id, resSig_Cv111$id, resSig_653v111$id)
INFO [2019-10-03 09:07:03] 
INFO [2019-10-03 09:07:03] $filename
INFO [2019-10-03 09:07:03] NULL
INFO [2019-10-03 09:07:03] 
INFO [2019-10-03 09:07:03] $category.names
INFO [2019-10-03 09:07:03] c("653 vs control", "111 vs control", "653 vs 111")
INFO [2019-10-03 09:07:03] 
INFO [2019-10-03 09:07:03] $fill
INFO [2019-10-03 09:07:03] c("orangered2", "skyblue3", "orange1")
INFO [2019-10-03 09:07:03] 
INFO [2019-10-03 09:07:03] $alpha
INFO [2019-10-03 09:07:03] c(0.5, 0.5, 0.5)
INFO [2019-10-03 09:07:03] 
INFO [2019-10-03 09:07:03] $cex
INFO [2019-10-03 09:07:03] [1] 2
INFO [2019-10-03 09:07:03] 
INFO [2019-10-03 09:07:03] $fontfamily
INFO [2019-10-03 09:07:03] [1] "sans"
INFO [2019-10-03 09:07:03] 
INFO [2019-10-03 09:07:03] $cat.cex
INFO [2019-10-03 09:07:03] [1] 1.3
INFO [2019-10-03 09:07:03] 
INFO [2019-10-03 09:07:03] $cat.fontface
INFO [2019-10-03 09:07:03] [1] "bold"
INFO [2019-10-03 09:07:03] 
INFO [2019-10-03 09:07:03] $cat.fontfamily
INFO [2019-10-03 09:07:03] [1] "sans"
INFO [2019-10-03 09:07:03] 
INFO [2019-10-03 09:07:03] $scaled
INFO [2019-10-03 09:07:03] [1] TRUE
INFO [2019-10-03 09:07:03] 
