INFO [2019-10-22 09:02:19] [[1]]
INFO [2019-10-22 09:02:19] list(resSig_M653vS653$id, resSig_B653vS653$id, resSig_S111vM111$id, 
INFO [2019-10-22 09:02:19]     resSig_B111vM111$id)
INFO [2019-10-22 09:02:19] 
INFO [2019-10-22 09:02:19] $filename
INFO [2019-10-22 09:02:19] NULL
INFO [2019-10-22 09:02:19] 
INFO [2019-10-22 09:02:19] $category.names
INFO [2019-10-22 09:02:19] c("mint (653)\n vs\n potato (653)", "mustard (653)\n vs\n potato (653)", 
INFO [2019-10-22 09:02:19]     "potato (111)\n vs\nmint (111)", "mustard (111)\n vs\n potato (111)")
INFO [2019-10-22 09:02:19] 
INFO [2019-10-22 09:02:19] $fill
INFO [2019-10-22 09:02:19] c("tan4", "orangered2", "skyblue3", "orange1")
INFO [2019-10-22 09:02:19] 
INFO [2019-10-22 09:02:19] $alpha
INFO [2019-10-22 09:02:19] c(0.5, 0.5, 0.5, 0.5)
INFO [2019-10-22 09:02:19] 
INFO [2019-10-22 09:02:19] $cex
INFO [2019-10-22 09:02:19] [1] 2
INFO [2019-10-22 09:02:19] 
INFO [2019-10-22 09:02:19] $fontfamily
INFO [2019-10-22 09:02:19] [1] "sans"
INFO [2019-10-22 09:02:19] 
INFO [2019-10-22 09:02:19] $cat.cex
INFO [2019-10-22 09:02:19] [1] 0.7
INFO [2019-10-22 09:02:19] 
INFO [2019-10-22 09:02:19] $cat.fontface
INFO [2019-10-22 09:02:19] [1] "bold"
INFO [2019-10-22 09:02:19] 
INFO [2019-10-22 09:02:19] $cat.fontfamily
INFO [2019-10-22 09:02:19] [1] "sans"
INFO [2019-10-22 09:02:19] 
INFO [2019-10-22 09:02:19] $euler.d
INFO [2019-10-22 09:02:19] [1] TRUE
INFO [2019-10-22 09:02:19] 
INFO [2019-10-22 09:02:19] $scaled
INFO [2019-10-22 09:02:19] [1] FALSE
INFO [2019-10-22 09:02:19] 
INFO [2019-10-22 09:02:19] $height
INFO [2019-10-22 09:02:19] [1] 3000
INFO [2019-10-22 09:02:19] 
INFO [2019-10-22 09:02:19] $width
INFO [2019-10-22 09:02:19] [1] 3000
INFO [2019-10-22 09:02:19] 
INFO [2019-10-22 09:02:19] $resolution
INFO [2019-10-22 09:02:19] [1] 500
INFO [2019-10-22 09:02:19] 
INFO [2019-10-22 09:02:19] $imagetype
INFO [2019-10-22 09:02:19] [1] "tiff"
INFO [2019-10-22 09:02:19] 
