INFO [2019-10-22 09:07:33] [[1]]
INFO [2019-10-22 09:07:33] list(resSig_M653vS653$id, resSig_B653vS653$id, resSig_S111vM111$id, 
INFO [2019-10-22 09:07:33]     resSig_B111vM111$id)
INFO [2019-10-22 09:07:33] 
INFO [2019-10-22 09:07:33] $filename
INFO [2019-10-22 09:07:33] NULL
INFO [2019-10-22 09:07:33] 
INFO [2019-10-22 09:07:33] $category.names
INFO [2019-10-22 09:07:33] c("mint (653)\n vs\n potato (653)", "mustard (653)\n vs\n potato (653)", 
INFO [2019-10-22 09:07:33]     "potato (111)\n vs\nmint (111)", "mustard (111)\n vs\n mint (111)")
INFO [2019-10-22 09:07:33] 
INFO [2019-10-22 09:07:33] $fill
INFO [2019-10-22 09:07:33] c("tan4", "orangered2", "skyblue3", "orange1")
INFO [2019-10-22 09:07:33] 
INFO [2019-10-22 09:07:33] $alpha
INFO [2019-10-22 09:07:33] c(0.5, 0.5, 0.5, 0.5)
INFO [2019-10-22 09:07:33] 
INFO [2019-10-22 09:07:33] $cex
INFO [2019-10-22 09:07:33] [1] 2
INFO [2019-10-22 09:07:33] 
INFO [2019-10-22 09:07:33] $fontfamily
INFO [2019-10-22 09:07:33] [1] "sans"
INFO [2019-10-22 09:07:33] 
INFO [2019-10-22 09:07:33] $cat.cex
INFO [2019-10-22 09:07:33] [1] 0.9
INFO [2019-10-22 09:07:33] 
INFO [2019-10-22 09:07:33] $cat.fontface
INFO [2019-10-22 09:07:33] [1] "bold"
INFO [2019-10-22 09:07:33] 
INFO [2019-10-22 09:07:33] $cat.fontfamily
INFO [2019-10-22 09:07:33] [1] "sans"
INFO [2019-10-22 09:07:33] 
INFO [2019-10-22 09:07:33] $euler.d
INFO [2019-10-22 09:07:33] [1] TRUE
INFO [2019-10-22 09:07:33] 
INFO [2019-10-22 09:07:33] $scaled
INFO [2019-10-22 09:07:33] [1] FALSE
INFO [2019-10-22 09:07:33] 
INFO [2019-10-22 09:07:33] $height
INFO [2019-10-22 09:07:33] [1] 3000
INFO [2019-10-22 09:07:33] 
INFO [2019-10-22 09:07:33] $width
INFO [2019-10-22 09:07:33] [1] 3000
INFO [2019-10-22 09:07:33] 
INFO [2019-10-22 09:07:33] $resolution
INFO [2019-10-22 09:07:33] [1] 500
INFO [2019-10-22 09:07:33] 
INFO [2019-10-22 09:07:33] $imagetype
INFO [2019-10-22 09:07:33] [1] "tiff"
INFO [2019-10-22 09:07:33] 
