INFO [2019-10-04 09:44:53] [[1]]
INFO [2019-10-04 09:44:53] list(resSig_S111vS653$id, resSig_M653vM111$id, resSig_B111vB653$id)
INFO [2019-10-04 09:44:53] 
INFO [2019-10-04 09:44:53] $filename
INFO [2019-10-04 09:44:53] NULL
INFO [2019-10-04 09:44:53] 
INFO [2019-10-04 09:44:53] $category.names
INFO [2019-10-04 09:44:53] c("potato (111)\n vs\n potato (653)", "mint (653)\n vs\n mint (111)", 
INFO [2019-10-04 09:44:53]     "mustard (111)\n vs\nmint (653)")
INFO [2019-10-04 09:44:53] 
INFO [2019-10-04 09:44:53] $fill
INFO [2019-10-04 09:44:53] c("orangered2", "skyblue3", "orange1")
INFO [2019-10-04 09:44:53] 
INFO [2019-10-04 09:44:53] $alpha
INFO [2019-10-04 09:44:53] c(0.5, 0.5, 0.5)
INFO [2019-10-04 09:44:53] 
INFO [2019-10-04 09:44:53] $cex
INFO [2019-10-04 09:44:53] [1] 2
INFO [2019-10-04 09:44:53] 
INFO [2019-10-04 09:44:53] $fontfamily
INFO [2019-10-04 09:44:53] [1] "sans"
INFO [2019-10-04 09:44:53] 
INFO [2019-10-04 09:44:53] $cat.cex
INFO [2019-10-04 09:44:53] [1] 0.7
INFO [2019-10-04 09:44:53] 
INFO [2019-10-04 09:44:53] $cat.fontface
INFO [2019-10-04 09:44:53] [1] "bold"
INFO [2019-10-04 09:44:53] 
INFO [2019-10-04 09:44:53] $cat.fontfamily
INFO [2019-10-04 09:44:53] [1] "sans"
INFO [2019-10-04 09:44:53] 
INFO [2019-10-04 09:44:53] $euler.d
INFO [2019-10-04 09:44:53] [1] TRUE
INFO [2019-10-04 09:44:53] 
INFO [2019-10-04 09:44:53] $scaled
INFO [2019-10-04 09:44:53] [1] FALSE
INFO [2019-10-04 09:44:53] 
INFO [2019-10-04 09:44:53] $height
INFO [2019-10-04 09:44:53] [1] 3000
INFO [2019-10-04 09:44:53] 
INFO [2019-10-04 09:44:53] $width
INFO [2019-10-04 09:44:53] [1] 3000
INFO [2019-10-04 09:44:53] 
INFO [2019-10-04 09:44:53] $resolution
INFO [2019-10-04 09:44:53] [1] 500
INFO [2019-10-04 09:44:53] 
INFO [2019-10-04 09:44:53] $imagetype
INFO [2019-10-04 09:44:53] [1] "tiff"
INFO [2019-10-04 09:44:53] 
