INFO [2019-10-03 09:01:51] [[1]]
INFO [2019-10-03 09:01:51] list(resSig_Cv653$id, resSig_Cv111$id, resSig_653v111$id)
INFO [2019-10-03 09:01:51] 
INFO [2019-10-03 09:01:51] $filename
INFO [2019-10-03 09:01:51] NULL
INFO [2019-10-03 09:01:51] 
INFO [2019-10-03 09:01:51] $category.names
INFO [2019-10-03 09:01:51] c("653 vs control", "111 vs control", "653 vs 111")
INFO [2019-10-03 09:01:51] 
INFO [2019-10-03 09:01:51] $fill
INFO [2019-10-03 09:01:51] c("orangered2", "skyblue3", "orange1")
INFO [2019-10-03 09:01:51] 
INFO [2019-10-03 09:01:51] $alpha
INFO [2019-10-03 09:01:51] c(0.5, 0.5, 0.5)
INFO [2019-10-03 09:01:51] 
INFO [2019-10-03 09:01:51] $cex
INFO [2019-10-03 09:01:51] [1] 2
INFO [2019-10-03 09:01:51] 
INFO [2019-10-03 09:01:51] $cat.fontface
INFO [2019-10-03 09:01:51] [1] "bold"
INFO [2019-10-03 09:01:51] 
INFO [2019-10-03 09:01:51] $cat.fontfamily
INFO [2019-10-03 09:01:51] [1] 3
INFO [2019-10-03 09:01:51] 
INFO [2019-10-03 09:01:51] $scaled
INFO [2019-10-03 09:01:51] [1] TRUE
INFO [2019-10-03 09:01:51] 
