INFO [2019-10-04 09:41:32] [[1]]
INFO [2019-10-04 09:41:32] list(resSig_M653vS653$id, resSig_B653vS653$id, resSig_S111vM111$id, 
INFO [2019-10-04 09:41:32]     resSig_B111vM111$id)
INFO [2019-10-04 09:41:32] 
INFO [2019-10-04 09:41:32] $filename
INFO [2019-10-04 09:41:32] NULL
INFO [2019-10-04 09:41:32] 
INFO [2019-10-04 09:41:32] $category.names
INFO [2019-10-04 09:41:32] c("mint (653)\n vs\n potato (653)", "mustard (653)\n vs\n potato (653)", 
INFO [2019-10-04 09:41:32]     "potato (111)\n vs\nmint (111)", "mustard (111)\n vs\n potato (111)")
INFO [2019-10-04 09:41:32] 
INFO [2019-10-04 09:41:32] $fill
INFO [2019-10-04 09:41:32] c("tan4", "orangered2", "skyblue3", "orange1")
INFO [2019-10-04 09:41:32] 
INFO [2019-10-04 09:41:32] $alpha
INFO [2019-10-04 09:41:32] c(0.5, 0.5, 0.5, 0.5)
INFO [2019-10-04 09:41:32] 
INFO [2019-10-04 09:41:32] $cex
INFO [2019-10-04 09:41:32] [1] 2
INFO [2019-10-04 09:41:32] 
INFO [2019-10-04 09:41:32] $fontfamily
INFO [2019-10-04 09:41:32] [1] "sans"
INFO [2019-10-04 09:41:32] 
INFO [2019-10-04 09:41:32] $cat.cex
INFO [2019-10-04 09:41:32] [1] 0.7
INFO [2019-10-04 09:41:32] 
INFO [2019-10-04 09:41:32] $cat.fontface
INFO [2019-10-04 09:41:32] [1] "bold"
INFO [2019-10-04 09:41:32] 
INFO [2019-10-04 09:41:32] $cat.fontfamily
INFO [2019-10-04 09:41:32] [1] "sans"
INFO [2019-10-04 09:41:32] 
INFO [2019-10-04 09:41:32] $euler.d
INFO [2019-10-04 09:41:32] [1] TRUE
INFO [2019-10-04 09:41:32] 
INFO [2019-10-04 09:41:32] $scaled
INFO [2019-10-04 09:41:32] [1] FALSE
INFO [2019-10-04 09:41:32] 
INFO [2019-10-04 09:41:32] $height
INFO [2019-10-04 09:41:32] [1] 3000
INFO [2019-10-04 09:41:32] 
INFO [2019-10-04 09:41:32] $width
INFO [2019-10-04 09:41:32] [1] 3000
INFO [2019-10-04 09:41:32] 
INFO [2019-10-04 09:41:32] $resolution
INFO [2019-10-04 09:41:32] [1] 500
INFO [2019-10-04 09:41:32] 
INFO [2019-10-04 09:41:32] $imagetype
INFO [2019-10-04 09:41:32] [1] "tiff"
INFO [2019-10-04 09:41:32] 
