INFO [2019-10-04 08:47:02] [[1]]
INFO [2019-10-04 08:47:02] list(resSig_Cv653$id, resSig_Cv111$id, resSig_653v111$id)
INFO [2019-10-04 08:47:02] 
INFO [2019-10-04 08:47:02] $filename
INFO [2019-10-04 08:47:02] NULL
INFO [2019-10-04 08:47:02] 
INFO [2019-10-04 08:47:02] $category.names
INFO [2019-10-04 08:47:02] c("653 vs control", "111 vs control", "653 vs 111")
INFO [2019-10-04 08:47:02] 
INFO [2019-10-04 08:47:02] $fill
INFO [2019-10-04 08:47:02] c("orangered2", "skyblue3", "orange1")
INFO [2019-10-04 08:47:02] 
INFO [2019-10-04 08:47:02] $alpha
INFO [2019-10-04 08:47:02] c(0.5, 0.5, 0.5)
INFO [2019-10-04 08:47:02] 
INFO [2019-10-04 08:47:02] $cex
INFO [2019-10-04 08:47:02] [1] 2
INFO [2019-10-04 08:47:02] 
INFO [2019-10-04 08:47:02] $fontfamily
INFO [2019-10-04 08:47:02] [1] "sans"
INFO [2019-10-04 08:47:02] 
INFO [2019-10-04 08:47:02] $cat.cex
INFO [2019-10-04 08:47:02] [1] 1
INFO [2019-10-04 08:47:02] 
INFO [2019-10-04 08:47:02] $cat.fontface
INFO [2019-10-04 08:47:02] [1] "bold"
INFO [2019-10-04 08:47:02] 
INFO [2019-10-04 08:47:02] $cat.fontfamily
INFO [2019-10-04 08:47:02] [1] "sans"
INFO [2019-10-04 08:47:02] 
INFO [2019-10-04 08:47:02] $euler.d
INFO [2019-10-04 08:47:02] [1] TRUE
INFO [2019-10-04 08:47:02] 
INFO [2019-10-04 08:47:02] $scaled
INFO [2019-10-04 08:47:02] [1] FALSE
INFO [2019-10-04 08:47:02] 
INFO [2019-10-04 08:47:02] $height
INFO [2019-10-04 08:47:02] [1] 3000
INFO [2019-10-04 08:47:02] 
INFO [2019-10-04 08:47:02] $width
INFO [2019-10-04 08:47:02] [1] 3000
INFO [2019-10-04 08:47:02] 
INFO [2019-10-04 08:47:02] $resolution
INFO [2019-10-04 08:47:02] [1] 500
INFO [2019-10-04 08:47:02] 
INFO [2019-10-04 08:47:02] $imagetype
INFO [2019-10-04 08:47:02] [1] "tiff"
INFO [2019-10-04 08:47:02] 
