INFO [2019-10-04 09:17:44] [[1]]
INFO [2019-10-04 09:17:44] list(resSig_M653vS653$id, resSig_B653vS653$id, resSig_S111vM111$id, 
INFO [2019-10-04 09:17:44]     resSig_B111vM111$id)
INFO [2019-10-04 09:17:44] 
INFO [2019-10-04 09:17:44] $filename
INFO [2019-10-04 09:17:44] NULL
INFO [2019-10-04 09:17:44] 
INFO [2019-10-04 09:17:44] $fill
INFO [2019-10-04 09:17:44] c("orangered2", "skyblue3", "orange1", "green")
INFO [2019-10-04 09:17:44] 
INFO [2019-10-04 09:17:44] $alpha
INFO [2019-10-04 09:17:44] c(0.5, 0.5, 0.5, 0.5)
INFO [2019-10-04 09:17:44] 
INFO [2019-10-04 09:17:44] $cex
INFO [2019-10-04 09:17:44] [1] 2
INFO [2019-10-04 09:17:44] 
INFO [2019-10-04 09:17:44] $fontfamily
INFO [2019-10-04 09:17:44] [1] "sans"
INFO [2019-10-04 09:17:44] 
INFO [2019-10-04 09:17:44] $cat.cex
INFO [2019-10-04 09:17:44] [1] 1
INFO [2019-10-04 09:17:44] 
INFO [2019-10-04 09:17:44] $cat.fontface
INFO [2019-10-04 09:17:44] [1] "bold"
INFO [2019-10-04 09:17:44] 
INFO [2019-10-04 09:17:44] $cat.fontfamily
INFO [2019-10-04 09:17:44] [1] "sans"
INFO [2019-10-04 09:17:44] 
INFO [2019-10-04 09:17:44] $euler.d
INFO [2019-10-04 09:17:44] [1] TRUE
INFO [2019-10-04 09:17:44] 
INFO [2019-10-04 09:17:44] $scaled
INFO [2019-10-04 09:17:44] [1] FALSE
INFO [2019-10-04 09:17:44] 
INFO [2019-10-04 09:17:44] $height
INFO [2019-10-04 09:17:44] [1] 3000
INFO [2019-10-04 09:17:44] 
INFO [2019-10-04 09:17:44] $width
INFO [2019-10-04 09:17:44] [1] 3000
INFO [2019-10-04 09:17:44] 
INFO [2019-10-04 09:17:44] $resolution
INFO [2019-10-04 09:17:44] [1] 500
INFO [2019-10-04 09:17:44] 
INFO [2019-10-04 09:17:44] $imagetype
INFO [2019-10-04 09:17:44] [1] "tiff"
INFO [2019-10-04 09:17:44] 
ERROR [2019-10-04 09:17:44] Unexpected parameter length for 'category'
