INFO [2019-10-04 09:30:36] [[1]]
INFO [2019-10-04 09:30:36] list(resSig_M653vS653$id, resSig_B653vS653$id, resSig_S111vM111$id, 
INFO [2019-10-04 09:30:36]     resSig_B111vM111$id)
INFO [2019-10-04 09:30:36] 
INFO [2019-10-04 09:30:36] $filename
INFO [2019-10-04 09:30:36] NULL
INFO [2019-10-04 09:30:36] 
INFO [2019-10-04 09:30:36] $category.names
INFO [2019-10-04 09:30:36] c("mint (653)\n vs\n potato (653)", "mustard (653)\n vs\n potato (653)", 
INFO [2019-10-04 09:30:36]     "potato (111)\n vs\nmint (111)", "mustard (111)\n vs\n potato (111)")
INFO [2019-10-04 09:30:36] 
INFO [2019-10-04 09:30:36] $fill
INFO [2019-10-04 09:30:36] c("tan4", "orangered2", "skyblue3", "orange1")
INFO [2019-10-04 09:30:36] 
INFO [2019-10-04 09:30:36] $alpha
INFO [2019-10-04 09:30:36] c(0.5, 0.5, 0.5, 0.5)
INFO [2019-10-04 09:30:36] 
INFO [2019-10-04 09:30:36] $cex
INFO [2019-10-04 09:30:36] [1] 2
INFO [2019-10-04 09:30:36] 
INFO [2019-10-04 09:30:36] $fontfamily
INFO [2019-10-04 09:30:36] [1] "sans"
INFO [2019-10-04 09:30:36] 
INFO [2019-10-04 09:30:36] $cat.cex
INFO [2019-10-04 09:30:36] [1] 1
INFO [2019-10-04 09:30:36] 
INFO [2019-10-04 09:30:36] $cat.fontface
INFO [2019-10-04 09:30:36] [1] "bold"
INFO [2019-10-04 09:30:36] 
INFO [2019-10-04 09:30:36] $cat.fontfamily
INFO [2019-10-04 09:30:36] [1] "sans"
INFO [2019-10-04 09:30:36] 
INFO [2019-10-04 09:30:36] $euler.d
INFO [2019-10-04 09:30:36] [1] TRUE
INFO [2019-10-04 09:30:36] 
INFO [2019-10-04 09:30:36] $scaled
INFO [2019-10-04 09:30:36] [1] FALSE
INFO [2019-10-04 09:30:36] 
INFO [2019-10-04 09:30:36] $height
INFO [2019-10-04 09:30:36] [1] 3000
INFO [2019-10-04 09:30:36] 
INFO [2019-10-04 09:30:36] $width
INFO [2019-10-04 09:30:36] [1] 3000
INFO [2019-10-04 09:30:36] 
INFO [2019-10-04 09:30:36] $resolution
INFO [2019-10-04 09:30:36] [1] 500
INFO [2019-10-04 09:30:36] 
INFO [2019-10-04 09:30:36] $imagetype
INFO [2019-10-04 09:30:36] [1] "tiff"
INFO [2019-10-04 09:30:36] 
