INFO [2019-10-22 09:02:05] [[1]]
INFO [2019-10-22 09:02:05] list(resSig_M653vS653$id, resSig_B653vS653$id, resSig_S111vM111$id, 
INFO [2019-10-22 09:02:05]     resSig_B111vM111$id)
INFO [2019-10-22 09:02:05] 
INFO [2019-10-22 09:02:05] $filename
INFO [2019-10-22 09:02:05] NULL
INFO [2019-10-22 09:02:05] 
INFO [2019-10-22 09:02:05] $category.names
INFO [2019-10-22 09:02:05] c("mint (653)\n vs\n potato (653)", "mustard (653)\n vs\n potato (653)", 
INFO [2019-10-22 09:02:05]     "potato (111)\n vs\nmint (111)", "mustard (111)\n vs\n potato (111)")
INFO [2019-10-22 09:02:05] 
INFO [2019-10-22 09:02:05] $fill
INFO [2019-10-22 09:02:05] c("tan4", "orangered2", "skyblue3", "orange1")
INFO [2019-10-22 09:02:05] 
INFO [2019-10-22 09:02:05] $alpha
INFO [2019-10-22 09:02:05] c(0.5, 0.5, 0.5, 0.5)
INFO [2019-10-22 09:02:05] 
INFO [2019-10-22 09:02:05] $cex
INFO [2019-10-22 09:02:05] [1] 2
INFO [2019-10-22 09:02:05] 
INFO [2019-10-22 09:02:05] $fontfamily
INFO [2019-10-22 09:02:05] [1] "sans"
INFO [2019-10-22 09:02:05] 
INFO [2019-10-22 09:02:05] $cat.cex
INFO [2019-10-22 09:02:05] [1] 0.7
INFO [2019-10-22 09:02:05] 
INFO [2019-10-22 09:02:05] $cat.fontface
INFO [2019-10-22 09:02:05] [1] "bold"
INFO [2019-10-22 09:02:05] 
INFO [2019-10-22 09:02:05] $cat.fontfamily
INFO [2019-10-22 09:02:05] [1] "sans"
INFO [2019-10-22 09:02:05] 
INFO [2019-10-22 09:02:05] $euler.d
INFO [2019-10-22 09:02:05] [1] TRUE
INFO [2019-10-22 09:02:05] 
INFO [2019-10-22 09:02:05] $scaled
INFO [2019-10-22 09:02:05] [1] FALSE
INFO [2019-10-22 09:02:05] 
INFO [2019-10-22 09:02:05] $height
INFO [2019-10-22 09:02:05] [1] 3000
INFO [2019-10-22 09:02:05] 
INFO [2019-10-22 09:02:05] $width
INFO [2019-10-22 09:02:05] [1] 3000
INFO [2019-10-22 09:02:05] 
INFO [2019-10-22 09:02:05] $resolution
INFO [2019-10-22 09:02:05] [1] 500
INFO [2019-10-22 09:02:05] 
INFO [2019-10-22 09:02:05] $imagetype
INFO [2019-10-22 09:02:05] [1] "tiff"
INFO [2019-10-22 09:02:05] 
