INFO [2019-10-03 09:01:44] [[1]]
INFO [2019-10-03 09:01:44] list(resSig_Cv653$id, resSig_Cv111$id, resSig_653v111$id)
INFO [2019-10-03 09:01:44] 
INFO [2019-10-03 09:01:44] $filename
INFO [2019-10-03 09:01:44] NULL
INFO [2019-10-03 09:01:44] 
INFO [2019-10-03 09:01:44] $category.names
INFO [2019-10-03 09:01:44] c("653 vs control", "111 vs control", "653 vs 111")
INFO [2019-10-03 09:01:44] 
INFO [2019-10-03 09:01:44] $fill
INFO [2019-10-03 09:01:44] c("orangered2", "skyblue3", "orange1")
INFO [2019-10-03 09:01:44] 
INFO [2019-10-03 09:01:44] $alpha
INFO [2019-10-03 09:01:44] c(0.5, 0.5, 0.5)
INFO [2019-10-03 09:01:44] 
INFO [2019-10-03 09:01:44] $cex
INFO [2019-10-03 09:01:44] [1] 2
INFO [2019-10-03 09:01:44] 
INFO [2019-10-03 09:01:44] $cat.fontface
INFO [2019-10-03 09:01:44] [1] "bold"
INFO [2019-10-03 09:01:44] 
INFO [2019-10-03 09:01:44] $cat.fontfamily
INFO [2019-10-03 09:01:44] [1] 1
INFO [2019-10-03 09:01:44] 
INFO [2019-10-03 09:01:44] $scaled
INFO [2019-10-03 09:01:44] [1] TRUE
INFO [2019-10-03 09:01:44] 
