INFO [2019-10-22 09:06:13] [[1]]
INFO [2019-10-22 09:06:13] list(resSig_M653vS653$id, resSig_B653vS653$id, resSig_S111vM111$id, 
INFO [2019-10-22 09:06:13]     resSig_B111vM111$id)
INFO [2019-10-22 09:06:13] 
INFO [2019-10-22 09:06:13] $filename
INFO [2019-10-22 09:06:13] NULL
INFO [2019-10-22 09:06:13] 
INFO [2019-10-22 09:06:13] $category.names
INFO [2019-10-22 09:06:13] c("mint (653)\n vs\n potato (653)", "mustard (653)\n vs\n potato (653)", 
INFO [2019-10-22 09:06:13]     "potato (111)\n vs\nmint (111)", "mustard (111)\n vs\n mint (111)")
INFO [2019-10-22 09:06:13] 
INFO [2019-10-22 09:06:13] $fill
INFO [2019-10-22 09:06:13] c("tan4", "orangered2", "skyblue3", "orange1")
INFO [2019-10-22 09:06:13] 
INFO [2019-10-22 09:06:13] $alpha
INFO [2019-10-22 09:06:13] c(0.5, 0.5, 0.5, 0.5)
INFO [2019-10-22 09:06:13] 
INFO [2019-10-22 09:06:13] $cex
INFO [2019-10-22 09:06:13] [1] 2
INFO [2019-10-22 09:06:13] 
INFO [2019-10-22 09:06:13] $fontfamily
INFO [2019-10-22 09:06:13] [1] "sans"
INFO [2019-10-22 09:06:13] 
INFO [2019-10-22 09:06:13] $cat.cex
INFO [2019-10-22 09:06:13] [1] 0.9
INFO [2019-10-22 09:06:13] 
INFO [2019-10-22 09:06:13] $cat.fontface
INFO [2019-10-22 09:06:13] [1] "bold"
INFO [2019-10-22 09:06:13] 
INFO [2019-10-22 09:06:13] $cat.fontfamily
INFO [2019-10-22 09:06:13] [1] "sans"
INFO [2019-10-22 09:06:13] 
INFO [2019-10-22 09:06:13] $euler.d
INFO [2019-10-22 09:06:13] [1] TRUE
INFO [2019-10-22 09:06:13] 
INFO [2019-10-22 09:06:13] $scaled
INFO [2019-10-22 09:06:13] [1] FALSE
INFO [2019-10-22 09:06:13] 
INFO [2019-10-22 09:06:13] $height
INFO [2019-10-22 09:06:13] [1] 3000
INFO [2019-10-22 09:06:13] 
INFO [2019-10-22 09:06:13] $width
INFO [2019-10-22 09:06:13] [1] 3000
INFO [2019-10-22 09:06:13] 
INFO [2019-10-22 09:06:13] $resolution
INFO [2019-10-22 09:06:13] [1] 500
INFO [2019-10-22 09:06:13] 
INFO [2019-10-22 09:06:13] $imagetype
INFO [2019-10-22 09:06:13] [1] "tiff"
INFO [2019-10-22 09:06:13] 
