INFO [2019-10-04 09:23:27] [[1]]
INFO [2019-10-04 09:23:27] list(resSig_M653vS653$id, resSig_B653vS653$id, resSig_S111vM111$id, 
INFO [2019-10-04 09:23:27]     resSig_B111vM111$id)
INFO [2019-10-04 09:23:27] 
INFO [2019-10-04 09:23:27] $filename
INFO [2019-10-04 09:23:27] NULL
INFO [2019-10-04 09:23:27] 
INFO [2019-10-04 09:23:27] $category.names
INFO [2019-10-04 09:23:27] c("mint(653) vs potato(653)", "mustard(653) vs potato(653)", 
INFO [2019-10-04 09:23:27]     "potato(111) vs mint(111)", "mustard(111) vs potato(111)")
INFO [2019-10-04 09:23:27] 
INFO [2019-10-04 09:23:27] $fill
INFO [2019-10-04 09:23:27] c("brown", "orangered2", "skyblue3", "orange1")
INFO [2019-10-04 09:23:27] 
INFO [2019-10-04 09:23:27] $alpha
INFO [2019-10-04 09:23:27] c(0.5, 0.5, 0.5, 0.5)
INFO [2019-10-04 09:23:27] 
INFO [2019-10-04 09:23:27] $cex
INFO [2019-10-04 09:23:27] [1] 2
INFO [2019-10-04 09:23:27] 
INFO [2019-10-04 09:23:27] $fontfamily
INFO [2019-10-04 09:23:27] [1] "sans"
INFO [2019-10-04 09:23:27] 
INFO [2019-10-04 09:23:27] $cat.cex
INFO [2019-10-04 09:23:27] [1] 1
INFO [2019-10-04 09:23:27] 
INFO [2019-10-04 09:23:27] $cat.fontface
INFO [2019-10-04 09:23:27] [1] "bold"
INFO [2019-10-04 09:23:27] 
INFO [2019-10-04 09:23:27] $cat.fontfamily
INFO [2019-10-04 09:23:27] [1] "sans"
INFO [2019-10-04 09:23:27] 
INFO [2019-10-04 09:23:27] $euler.d
INFO [2019-10-04 09:23:27] [1] TRUE
INFO [2019-10-04 09:23:27] 
INFO [2019-10-04 09:23:27] $scaled
INFO [2019-10-04 09:23:27] [1] FALSE
INFO [2019-10-04 09:23:27] 
INFO [2019-10-04 09:23:27] $height
INFO [2019-10-04 09:23:27] [1] 3000
INFO [2019-10-04 09:23:27] 
INFO [2019-10-04 09:23:27] $width
INFO [2019-10-04 09:23:27] [1] 3000
INFO [2019-10-04 09:23:27] 
INFO [2019-10-04 09:23:27] $resolution
INFO [2019-10-04 09:23:27] [1] 500
INFO [2019-10-04 09:23:27] 
INFO [2019-10-04 09:23:27] $imagetype
INFO [2019-10-04 09:23:27] [1] "tiff"
INFO [2019-10-04 09:23:27] 
