INFO [2019-10-04 09:24:29] [[1]]
INFO [2019-10-04 09:24:29] list(resSig_M653vS653$id, resSig_B653vS653$id, resSig_S111vM111$id, 
INFO [2019-10-04 09:24:29]     resSig_B111vM111$id)
INFO [2019-10-04 09:24:29] 
INFO [2019-10-04 09:24:29] $filename
INFO [2019-10-04 09:24:29] NULL
INFO [2019-10-04 09:24:29] 
INFO [2019-10-04 09:24:29] $category.names
INFO [2019-10-04 09:24:29] c("mint(653) vs potato(653)", "mustard(653) vs potato(653)", 
INFO [2019-10-04 09:24:29]     "potato(111) vs mint(111)", "mustard(111) vs potato(111)")
INFO [2019-10-04 09:24:29] 
INFO [2019-10-04 09:24:29] $fill
INFO [2019-10-04 09:24:29] c("tan4", "orangered2", "skyblue3", "orange1")
INFO [2019-10-04 09:24:29] 
INFO [2019-10-04 09:24:29] $alpha
INFO [2019-10-04 09:24:29] c(0.5, 0.5, 0.5, 0.5)
INFO [2019-10-04 09:24:29] 
INFO [2019-10-04 09:24:29] $cex
INFO [2019-10-04 09:24:29] [1] 2
INFO [2019-10-04 09:24:29] 
INFO [2019-10-04 09:24:29] $fontfamily
INFO [2019-10-04 09:24:29] [1] "sans"
INFO [2019-10-04 09:24:29] 
INFO [2019-10-04 09:24:29] $cat.cex
INFO [2019-10-04 09:24:29] [1] 1
INFO [2019-10-04 09:24:29] 
INFO [2019-10-04 09:24:29] $cat.fontface
INFO [2019-10-04 09:24:29] [1] "bold"
INFO [2019-10-04 09:24:29] 
INFO [2019-10-04 09:24:29] $cat.fontfamily
INFO [2019-10-04 09:24:29] [1] "sans"
INFO [2019-10-04 09:24:29] 
INFO [2019-10-04 09:24:29] $euler.d
INFO [2019-10-04 09:24:29] [1] TRUE
INFO [2019-10-04 09:24:29] 
INFO [2019-10-04 09:24:29] $scaled
INFO [2019-10-04 09:24:29] [1] FALSE
INFO [2019-10-04 09:24:29] 
INFO [2019-10-04 09:24:29] $height
INFO [2019-10-04 09:24:29] [1] 3000
INFO [2019-10-04 09:24:29] 
INFO [2019-10-04 09:24:29] $width
INFO [2019-10-04 09:24:29] [1] 3000
INFO [2019-10-04 09:24:29] 
INFO [2019-10-04 09:24:29] $resolution
INFO [2019-10-04 09:24:29] [1] 500
INFO [2019-10-04 09:24:29] 
INFO [2019-10-04 09:24:29] $imagetype
INFO [2019-10-04 09:24:29] [1] "tiff"
INFO [2019-10-04 09:24:29] 
