INFO [2019-10-04 09:30:28] [[1]]
INFO [2019-10-04 09:30:28] list(resSig_M653vS653$id, resSig_B653vS653$id, resSig_S111vM111$id, 
INFO [2019-10-04 09:30:28]     resSig_B111vM111$id)
INFO [2019-10-04 09:30:28] 
INFO [2019-10-04 09:30:28] $filename
INFO [2019-10-04 09:30:28] NULL
INFO [2019-10-04 09:30:28] 
INFO [2019-10-04 09:30:28] $category.names
INFO [2019-10-04 09:30:28] c("mint (653)\n vs\n potato (653)", "mustard (653)\n vs\n potato (653)", 
INFO [2019-10-04 09:30:28]     "potato (111)\n vs\nmint (111)", "mustard (111)\n vs\n potato (111)")
INFO [2019-10-04 09:30:28] 
INFO [2019-10-04 09:30:28] $fill
INFO [2019-10-04 09:30:28] c("tan4", "orangered2", "skyblue3", "orange1")
INFO [2019-10-04 09:30:28] 
INFO [2019-10-04 09:30:28] $alpha
INFO [2019-10-04 09:30:28] c(0.5, 0.5, 0.5, 0.5)
INFO [2019-10-04 09:30:28] 
INFO [2019-10-04 09:30:28] $cex
INFO [2019-10-04 09:30:28] [1] 2
INFO [2019-10-04 09:30:28] 
INFO [2019-10-04 09:30:28] $fontfamily
INFO [2019-10-04 09:30:28] [1] "sans"
INFO [2019-10-04 09:30:28] 
INFO [2019-10-04 09:30:28] $cat.cex
INFO [2019-10-04 09:30:28] [1] 1.8
INFO [2019-10-04 09:30:28] 
INFO [2019-10-04 09:30:28] $cat.fontface
INFO [2019-10-04 09:30:28] [1] "bold"
INFO [2019-10-04 09:30:28] 
INFO [2019-10-04 09:30:28] $cat.fontfamily
INFO [2019-10-04 09:30:28] [1] "sans"
INFO [2019-10-04 09:30:28] 
INFO [2019-10-04 09:30:28] $euler.d
INFO [2019-10-04 09:30:28] [1] TRUE
INFO [2019-10-04 09:30:28] 
INFO [2019-10-04 09:30:28] $scaled
INFO [2019-10-04 09:30:28] [1] FALSE
INFO [2019-10-04 09:30:28] 
INFO [2019-10-04 09:30:28] $height
INFO [2019-10-04 09:30:28] [1] 3000
INFO [2019-10-04 09:30:28] 
INFO [2019-10-04 09:30:28] $width
INFO [2019-10-04 09:30:28] [1] 3000
INFO [2019-10-04 09:30:28] 
INFO [2019-10-04 09:30:28] $resolution
INFO [2019-10-04 09:30:28] [1] 500
INFO [2019-10-04 09:30:28] 
INFO [2019-10-04 09:30:28] $imagetype
INFO [2019-10-04 09:30:28] [1] "tiff"
INFO [2019-10-04 09:30:28] 
