INFO [2019-10-03 08:54:47] [[1]]
INFO [2019-10-03 08:54:47] list(resSig_Cv653$id, resSig_Cv111$id, resSig_653v111$id)
INFO [2019-10-03 08:54:47] 
INFO [2019-10-03 08:54:47] $filename
INFO [2019-10-03 08:54:47] NULL
INFO [2019-10-03 08:54:47] 
INFO [2019-10-03 08:54:47] $category.names
INFO [2019-10-03 08:54:47] c("653 vs control", "111 vs control", "653 vs 111")
INFO [2019-10-03 08:54:47] 
INFO [2019-10-03 08:54:47] $fill
INFO [2019-10-03 08:54:47] c("orangered2", "skyblue3", "orange1")
INFO [2019-10-03 08:54:47] 
INFO [2019-10-03 08:54:47] $alpha
INFO [2019-10-03 08:54:47] c(0.5, 0.5, 0.5)
INFO [2019-10-03 08:54:47] 
INFO [2019-10-03 08:54:47] $cex
INFO [2019-10-03 08:54:47] [1] 2
INFO [2019-10-03 08:54:47] 
INFO [2019-10-03 08:54:47] $cat.fontface
INFO [2019-10-03 08:54:47] [1] 2
INFO [2019-10-03 08:54:47] 
