INFO [2019-10-04 09:46:31] [[1]]
INFO [2019-10-04 09:46:31] list(resSig_S111vS653$id, resSig_M653vM111$id, resSig_B111vB653$id)
INFO [2019-10-04 09:46:31] 
INFO [2019-10-04 09:46:31] $filename
INFO [2019-10-04 09:46:31] NULL
INFO [2019-10-04 09:46:31] 
INFO [2019-10-04 09:46:31] $category.names
INFO [2019-10-04 09:46:31] c("potato (111) vs potato (653)", "mint (653) vs mint (111)", 
INFO [2019-10-04 09:46:31]     "mustard (111) vs mint (653)")
INFO [2019-10-04 09:46:31] 
INFO [2019-10-04 09:46:31] $fill
INFO [2019-10-04 09:46:31] c("orangered2", "skyblue3", "orange1")
INFO [2019-10-04 09:46:31] 
INFO [2019-10-04 09:46:31] $alpha
INFO [2019-10-04 09:46:31] c(0.5, 0.5, 0.5)
INFO [2019-10-04 09:46:31] 
INFO [2019-10-04 09:46:31] $cex
INFO [2019-10-04 09:46:31] [1] 2
INFO [2019-10-04 09:46:31] 
INFO [2019-10-04 09:46:31] $fontfamily
INFO [2019-10-04 09:46:31] [1] "sans"
INFO [2019-10-04 09:46:31] 
INFO [2019-10-04 09:46:31] $cat.cex
INFO [2019-10-04 09:46:31] [1] 1
INFO [2019-10-04 09:46:31] 
INFO [2019-10-04 09:46:31] $cat.fontface
INFO [2019-10-04 09:46:31] [1] "bold"
INFO [2019-10-04 09:46:31] 
INFO [2019-10-04 09:46:31] $cat.fontfamily
INFO [2019-10-04 09:46:31] [1] "sans"
INFO [2019-10-04 09:46:31] 
INFO [2019-10-04 09:46:31] $euler.d
INFO [2019-10-04 09:46:31] [1] TRUE
INFO [2019-10-04 09:46:31] 
INFO [2019-10-04 09:46:31] $scaled
INFO [2019-10-04 09:46:31] [1] FALSE
INFO [2019-10-04 09:46:31] 
INFO [2019-10-04 09:46:31] $height
INFO [2019-10-04 09:46:31] [1] 3000
INFO [2019-10-04 09:46:31] 
INFO [2019-10-04 09:46:31] $width
INFO [2019-10-04 09:46:31] [1] 3000
INFO [2019-10-04 09:46:31] 
INFO [2019-10-04 09:46:31] $resolution
INFO [2019-10-04 09:46:31] [1] 500
INFO [2019-10-04 09:46:31] 
INFO [2019-10-04 09:46:31] $imagetype
INFO [2019-10-04 09:46:31] [1] "tiff"
INFO [2019-10-04 09:46:31] 
