INFO [2019-10-04 09:30:42] [[1]]
INFO [2019-10-04 09:30:42] list(resSig_M653vS653$id, resSig_B653vS653$id, resSig_S111vM111$id, 
INFO [2019-10-04 09:30:42]     resSig_B111vM111$id)
INFO [2019-10-04 09:30:42] 
INFO [2019-10-04 09:30:42] $filename
INFO [2019-10-04 09:30:42] NULL
INFO [2019-10-04 09:30:42] 
INFO [2019-10-04 09:30:42] $category.names
INFO [2019-10-04 09:30:42] c("mint (653)\n vs\n potato (653)", "mustard (653)\n vs\n potato (653)", 
INFO [2019-10-04 09:30:42]     "potato (111)\n vs\nmint (111)", "mustard (111)\n vs\n potato (111)")
INFO [2019-10-04 09:30:42] 
INFO [2019-10-04 09:30:42] $fill
INFO [2019-10-04 09:30:42] c("tan4", "orangered2", "skyblue3", "orange1")
INFO [2019-10-04 09:30:42] 
INFO [2019-10-04 09:30:42] $alpha
INFO [2019-10-04 09:30:42] c(0.5, 0.5, 0.5, 0.5)
INFO [2019-10-04 09:30:42] 
INFO [2019-10-04 09:30:42] $cex
INFO [2019-10-04 09:30:42] [1] 2
INFO [2019-10-04 09:30:42] 
INFO [2019-10-04 09:30:42] $fontfamily
INFO [2019-10-04 09:30:42] [1] "sans"
INFO [2019-10-04 09:30:42] 
INFO [2019-10-04 09:30:42] $cat.cex
INFO [2019-10-04 09:30:42] [1] 0.7
INFO [2019-10-04 09:30:42] 
INFO [2019-10-04 09:30:42] $cat.fontface
INFO [2019-10-04 09:30:42] [1] "bold"
INFO [2019-10-04 09:30:42] 
INFO [2019-10-04 09:30:42] $cat.fontfamily
INFO [2019-10-04 09:30:42] [1] "sans"
INFO [2019-10-04 09:30:42] 
INFO [2019-10-04 09:30:42] $euler.d
INFO [2019-10-04 09:30:42] [1] TRUE
INFO [2019-10-04 09:30:42] 
INFO [2019-10-04 09:30:42] $scaled
INFO [2019-10-04 09:30:42] [1] FALSE
INFO [2019-10-04 09:30:42] 
INFO [2019-10-04 09:30:42] $height
INFO [2019-10-04 09:30:42] [1] 3000
INFO [2019-10-04 09:30:42] 
INFO [2019-10-04 09:30:42] $width
INFO [2019-10-04 09:30:42] [1] 3000
INFO [2019-10-04 09:30:42] 
INFO [2019-10-04 09:30:42] $resolution
INFO [2019-10-04 09:30:42] [1] 500
INFO [2019-10-04 09:30:42] 
INFO [2019-10-04 09:30:42] $imagetype
INFO [2019-10-04 09:30:42] [1] "tiff"
INFO [2019-10-04 09:30:42] 
