INFO [2019-10-03 08:58:12] [[1]]
INFO [2019-10-03 08:58:12] list(resSig_Cv653$id, resSig_Cv111$id, resSig_653v111$id)
INFO [2019-10-03 08:58:12] 
INFO [2019-10-03 08:58:12] $filename
INFO [2019-10-03 08:58:12] NULL
INFO [2019-10-03 08:58:12] 
INFO [2019-10-03 08:58:12] $category.names
INFO [2019-10-03 08:58:12] c("653 vs control", "111 vs control", "653 vs 111")
INFO [2019-10-03 08:58:12] 
INFO [2019-10-03 08:58:12] $fill
INFO [2019-10-03 08:58:12] c("orangered2", "skyblue3", "orange1")
INFO [2019-10-03 08:58:12] 
INFO [2019-10-03 08:58:12] $alpha
INFO [2019-10-03 08:58:12] c(0.5, 0.5, 0.5)
INFO [2019-10-03 08:58:12] 
INFO [2019-10-03 08:58:12] $cex
INFO [2019-10-03 08:58:12] [1] 2
INFO [2019-10-03 08:58:12] 
INFO [2019-10-03 08:58:12] $cat.fontface
INFO [2019-10-03 08:58:12] [1] "bold"
INFO [2019-10-03 08:58:12] 
INFO [2019-10-03 08:58:12] $fontfamily
INFO [2019-10-03 08:58:12] [1] "sansserif"
INFO [2019-10-03 08:58:12] 
