INFO [2019-10-04 09:25:16] [[1]]
INFO [2019-10-04 09:25:16] list(resSig_M653vS653$id, resSig_B653vS653$id, resSig_S111vM111$id, 
INFO [2019-10-04 09:25:16]     resSig_B111vM111$id)
INFO [2019-10-04 09:25:16] 
INFO [2019-10-04 09:25:16] $filename
INFO [2019-10-04 09:25:16] NULL
INFO [2019-10-04 09:25:16] 
INFO [2019-10-04 09:25:16] $category.names
INFO [2019-10-04 09:25:16] c("mint(653) vs potato(653)", "mustard(653) vs potato(653)", 
INFO [2019-10-04 09:25:16]     "potato(111) vs mint(111)", "mustard(111) vs potato(111)")
INFO [2019-10-04 09:25:16] 
INFO [2019-10-04 09:25:16] $fill
INFO [2019-10-04 09:25:16] c("tan4", "orangered2", "skyblue3", "orange1")
INFO [2019-10-04 09:25:16] 
INFO [2019-10-04 09:25:16] $alpha
INFO [2019-10-04 09:25:16] c(0.5, 0.5, 0.5, 0.5)
INFO [2019-10-04 09:25:16] 
INFO [2019-10-04 09:25:16] $cex
INFO [2019-10-04 09:25:16] [1] 2
INFO [2019-10-04 09:25:16] 
INFO [2019-10-04 09:25:16] $fontfamily
INFO [2019-10-04 09:25:16] [1] "sans"
INFO [2019-10-04 09:25:16] 
INFO [2019-10-04 09:25:16] $cat.cex
INFO [2019-10-04 09:25:16] [1] 1
INFO [2019-10-04 09:25:16] 
INFO [2019-10-04 09:25:16] $cat.fontface
INFO [2019-10-04 09:25:16] [1] "bold"
INFO [2019-10-04 09:25:16] 
INFO [2019-10-04 09:25:16] $cat.fontfamily
INFO [2019-10-04 09:25:16] [1] "sans"
INFO [2019-10-04 09:25:16] 
INFO [2019-10-04 09:25:16] $euler.d
INFO [2019-10-04 09:25:16] [1] TRUE
INFO [2019-10-04 09:25:16] 
INFO [2019-10-04 09:25:16] $scaled
INFO [2019-10-04 09:25:16] [1] FALSE
INFO [2019-10-04 09:25:16] 
INFO [2019-10-04 09:25:16] $height
INFO [2019-10-04 09:25:16] [1] 3000
INFO [2019-10-04 09:25:16] 
INFO [2019-10-04 09:25:16] $width
INFO [2019-10-04 09:25:16] [1] 3000
INFO [2019-10-04 09:25:16] 
INFO [2019-10-04 09:25:16] $resolution
INFO [2019-10-04 09:25:16] [1] 500
INFO [2019-10-04 09:25:16] 
INFO [2019-10-04 09:25:16] $imagetype
INFO [2019-10-04 09:25:16] [1] "tiff"
INFO [2019-10-04 09:25:16] 
