INFO [2019-10-04 08:29:41] [[1]]
INFO [2019-10-04 08:29:41] list(resSig_Cv653$id, resSig_Cv111$id, resSig_653v111$id)
INFO [2019-10-04 08:29:41] 
INFO [2019-10-04 08:29:41] $filename
INFO [2019-10-04 08:29:41] NULL
INFO [2019-10-04 08:29:41] 
INFO [2019-10-04 08:29:41] $category.names
INFO [2019-10-04 08:29:41] c("653 vs control", "111 vs control", "653 vs 111")
INFO [2019-10-04 08:29:41] 
INFO [2019-10-04 08:29:41] $fill
INFO [2019-10-04 08:29:41] c("orangered2", "skyblue3", "orange1")
INFO [2019-10-04 08:29:41] 
INFO [2019-10-04 08:29:41] $alpha
INFO [2019-10-04 08:29:41] c(0.5, 0.5, 0.5)
INFO [2019-10-04 08:29:41] 
INFO [2019-10-04 08:29:41] $cex
INFO [2019-10-04 08:29:41] [1] 2
INFO [2019-10-04 08:29:41] 
INFO [2019-10-04 08:29:41] $fontfamily
INFO [2019-10-04 08:29:41] [1] "sans"
INFO [2019-10-04 08:29:41] 
INFO [2019-10-04 08:29:41] $cat.cex
INFO [2019-10-04 08:29:41] [1] 1
INFO [2019-10-04 08:29:41] 
INFO [2019-10-04 08:29:41] $cat.fontface
INFO [2019-10-04 08:29:41] [1] "bold"
INFO [2019-10-04 08:29:41] 
INFO [2019-10-04 08:29:41] $cat.fontfamily
INFO [2019-10-04 08:29:41] [1] "sans"
INFO [2019-10-04 08:29:41] 
INFO [2019-10-04 08:29:41] $euler.d
INFO [2019-10-04 08:29:41] [1] TRUE
INFO [2019-10-04 08:29:41] 
INFO [2019-10-04 08:29:41] $scaled
INFO [2019-10-04 08:29:41] [1] TRUE
INFO [2019-10-04 08:29:41] 
INFO [2019-10-04 08:29:41] $height
INFO [2019-10-04 08:29:41] [1] 3000
INFO [2019-10-04 08:29:41] 
INFO [2019-10-04 08:29:41] $width
INFO [2019-10-04 08:29:41] [1] 3000
INFO [2019-10-04 08:29:41] 
INFO [2019-10-04 08:29:41] $resolution
INFO [2019-10-04 08:29:41] [1] 500
INFO [2019-10-04 08:29:41] 
INFO [2019-10-04 08:29:41] $imagetype
INFO [2019-10-04 08:29:41] [1] "tiff"
INFO [2019-10-04 08:29:41] 
