INFO [2019-10-04 09:46:19] [[1]]
INFO [2019-10-04 09:46:19] list(resSig_S111vS653$id, resSig_M653vM111$id, resSig_B111vB653$id)
INFO [2019-10-04 09:46:19] 
INFO [2019-10-04 09:46:19] $filename
INFO [2019-10-04 09:46:19] NULL
INFO [2019-10-04 09:46:19] 
INFO [2019-10-04 09:46:19] $category.names
INFO [2019-10-04 09:46:19] c("potato (111) vs potato (653)", "mint (653) vs mint (111)", 
INFO [2019-10-04 09:46:19]     "mustard (111) vs mint (653)")
INFO [2019-10-04 09:46:19] 
INFO [2019-10-04 09:46:19] $fill
INFO [2019-10-04 09:46:19] c("orangered2", "skyblue3", "orange1")
INFO [2019-10-04 09:46:19] 
INFO [2019-10-04 09:46:19] $alpha
INFO [2019-10-04 09:46:19] c(0.5, 0.5, 0.5)
INFO [2019-10-04 09:46:19] 
INFO [2019-10-04 09:46:19] $cex
INFO [2019-10-04 09:46:19] [1] 2
INFO [2019-10-04 09:46:19] 
INFO [2019-10-04 09:46:19] $fontfamily
INFO [2019-10-04 09:46:19] [1] "sans"
INFO [2019-10-04 09:46:19] 
INFO [2019-10-04 09:46:19] $cat.cex
INFO [2019-10-04 09:46:19] [1] 1.8
INFO [2019-10-04 09:46:19] 
INFO [2019-10-04 09:46:19] $cat.fontface
INFO [2019-10-04 09:46:19] [1] "bold"
INFO [2019-10-04 09:46:19] 
INFO [2019-10-04 09:46:19] $cat.fontfamily
INFO [2019-10-04 09:46:19] [1] "sans"
INFO [2019-10-04 09:46:19] 
INFO [2019-10-04 09:46:19] $euler.d
INFO [2019-10-04 09:46:19] [1] TRUE
INFO [2019-10-04 09:46:19] 
INFO [2019-10-04 09:46:19] $scaled
INFO [2019-10-04 09:46:19] [1] FALSE
INFO [2019-10-04 09:46:19] 
INFO [2019-10-04 09:46:19] $height
INFO [2019-10-04 09:46:19] [1] 3000
INFO [2019-10-04 09:46:19] 
INFO [2019-10-04 09:46:19] $width
INFO [2019-10-04 09:46:19] [1] 3000
INFO [2019-10-04 09:46:19] 
INFO [2019-10-04 09:46:19] $resolution
INFO [2019-10-04 09:46:19] [1] 500
INFO [2019-10-04 09:46:19] 
INFO [2019-10-04 09:46:19] $imagetype
INFO [2019-10-04 09:46:19] [1] "tiff"
INFO [2019-10-04 09:46:19] 
