INFO [2019-10-03 08:58:57] [[1]]
INFO [2019-10-03 08:58:57] list(resSig_Cv653$id, resSig_Cv111$id, resSig_653v111$id)
INFO [2019-10-03 08:58:57] 
INFO [2019-10-03 08:58:57] $filename
INFO [2019-10-03 08:58:57] NULL
INFO [2019-10-03 08:58:57] 
INFO [2019-10-03 08:58:57] $category.names
INFO [2019-10-03 08:58:57] c("653 vs control", "111 vs control", "653 vs 111")
INFO [2019-10-03 08:58:57] 
INFO [2019-10-03 08:58:57] $fill
INFO [2019-10-03 08:58:57] c("orangered2", "skyblue3", "orange1")
INFO [2019-10-03 08:58:57] 
INFO [2019-10-03 08:58:57] $alpha
INFO [2019-10-03 08:58:57] c(0.5, 0.5, 0.5)
INFO [2019-10-03 08:58:57] 
INFO [2019-10-03 08:58:57] $cex
INFO [2019-10-03 08:58:57] [1] 2
INFO [2019-10-03 08:58:57] 
INFO [2019-10-03 08:58:57] $cat.fontface
INFO [2019-10-03 08:58:57] [1] "bold"
INFO [2019-10-03 08:58:57] 
INFO [2019-10-03 08:58:57] $cat.fontfamily
INFO [2019-10-03 08:58:57] [1] "serif"
INFO [2019-10-03 08:58:57] 
INFO [2019-10-03 08:58:57] $scaled
INFO [2019-10-03 08:58:57] [1] FALSE
INFO [2019-10-03 08:58:57] 
