INFO [2019-10-03 08:56:22] [[1]]
INFO [2019-10-03 08:56:22] list(resSig_Cv653$id, resSig_Cv111$id, resSig_653v111$id)
INFO [2019-10-03 08:56:22] 
INFO [2019-10-03 08:56:22] $filename
INFO [2019-10-03 08:56:22] NULL
INFO [2019-10-03 08:56:22] 
INFO [2019-10-03 08:56:22] $category.names
INFO [2019-10-03 08:56:22] c("653 vs control", "111 vs control", "653 vs 111")
INFO [2019-10-03 08:56:22] 
INFO [2019-10-03 08:56:22] $fill
INFO [2019-10-03 08:56:22] c("orangered2", "skyblue3", "orange1")
INFO [2019-10-03 08:56:22] 
INFO [2019-10-03 08:56:22] $alpha
INFO [2019-10-03 08:56:22] c(0.5, 0.5, 0.5)
INFO [2019-10-03 08:56:22] 
INFO [2019-10-03 08:56:22] $cex
INFO [2019-10-03 08:56:22] [1] 2
INFO [2019-10-03 08:56:22] 
INFO [2019-10-03 08:56:22] $cat.fontface
INFO [2019-10-03 08:56:22] [1] "bold"
INFO [2019-10-03 08:56:22] 
INFO [2019-10-03 08:56:22] $cat.fontfamily
INFO [2019-10-03 08:56:22] [1] "sans-serif"
INFO [2019-10-03 08:56:22] 
