INFO [2019-10-04 08:55:22] [[1]]
INFO [2019-10-04 08:55:22] list(resSig_Cv653$id, resSig_Cv111$id, resSig_653v111$id)
INFO [2019-10-04 08:55:22] 
INFO [2019-10-04 08:55:22] $filename
INFO [2019-10-04 08:55:22] NULL
INFO [2019-10-04 08:55:22] 
INFO [2019-10-04 08:55:22] $category.names
INFO [2019-10-04 08:55:22] c("653 vs control", "111 vs control", "653 vs 111")
INFO [2019-10-04 08:55:22] 
INFO [2019-10-04 08:55:22] $fill
INFO [2019-10-04 08:55:22] c("orangered2", "skyblue3", "orange1")
INFO [2019-10-04 08:55:22] 
INFO [2019-10-04 08:55:22] $alpha
INFO [2019-10-04 08:55:22] c(0.5, 0.5, 0.5)
INFO [2019-10-04 08:55:22] 
INFO [2019-10-04 08:55:22] $cex
INFO [2019-10-04 08:55:22] [1] 2
INFO [2019-10-04 08:55:22] 
INFO [2019-10-04 08:55:22] $fontfamily
INFO [2019-10-04 08:55:22] [1] "sans"
INFO [2019-10-04 08:55:22] 
INFO [2019-10-04 08:55:22] $cat.cex
INFO [2019-10-04 08:55:22] [1] 1
INFO [2019-10-04 08:55:22] 
INFO [2019-10-04 08:55:22] $cat.fontface
INFO [2019-10-04 08:55:22] [1] "bold"
INFO [2019-10-04 08:55:22] 
INFO [2019-10-04 08:55:22] $cat.fontfamily
INFO [2019-10-04 08:55:22] [1] "sans"
INFO [2019-10-04 08:55:22] 
INFO [2019-10-04 08:55:22] $euler.d
INFO [2019-10-04 08:55:22] [1] TRUE
INFO [2019-10-04 08:55:22] 
INFO [2019-10-04 08:55:22] $scaled
INFO [2019-10-04 08:55:22] [1] FALSE
INFO [2019-10-04 08:55:22] 
INFO [2019-10-04 08:55:22] $height
INFO [2019-10-04 08:55:22] [1] 3000
INFO [2019-10-04 08:55:22] 
INFO [2019-10-04 08:55:22] $width
INFO [2019-10-04 08:55:22] [1] 3000
INFO [2019-10-04 08:55:22] 
INFO [2019-10-04 08:55:22] $resolution
INFO [2019-10-04 08:55:22] [1] 500
INFO [2019-10-04 08:55:22] 
INFO [2019-10-04 08:55:22] $imagetype
INFO [2019-10-04 08:55:22] [1] "tiff"
INFO [2019-10-04 08:55:22] 
