INFO [2019-10-04 09:48:30] [[1]]
INFO [2019-10-04 09:48:30] list(resSig_S111vS653$id, resSig_M653vM111$id, resSig_B111vB653$id)
INFO [2019-10-04 09:48:30] 
INFO [2019-10-04 09:48:30] $filename
INFO [2019-10-04 09:48:30] NULL
INFO [2019-10-04 09:48:30] 
INFO [2019-10-04 09:48:30] $category.names
INFO [2019-10-04 09:48:30] c("   potato (111) vs potato (653)", "mint (653) vs mint (111)", 
INFO [2019-10-04 09:48:30]     "mustard (111) vs mint (653)")
INFO [2019-10-04 09:48:30] 
INFO [2019-10-04 09:48:30] $fill
INFO [2019-10-04 09:48:30] c("orangered2", "skyblue3", "orange1")
INFO [2019-10-04 09:48:30] 
INFO [2019-10-04 09:48:30] $alpha
INFO [2019-10-04 09:48:30] c(0.5, 0.5, 0.5)
INFO [2019-10-04 09:48:30] 
INFO [2019-10-04 09:48:30] $cex
INFO [2019-10-04 09:48:30] [1] 2
INFO [2019-10-04 09:48:30] 
INFO [2019-10-04 09:48:30] $fontfamily
INFO [2019-10-04 09:48:30] [1] "sans"
INFO [2019-10-04 09:48:30] 
INFO [2019-10-04 09:48:30] $cat.cex
INFO [2019-10-04 09:48:30] [1] 1.2
INFO [2019-10-04 09:48:30] 
INFO [2019-10-04 09:48:30] $cat.fontface
INFO [2019-10-04 09:48:30] [1] "bold"
INFO [2019-10-04 09:48:30] 
INFO [2019-10-04 09:48:30] $cat.fontfamily
INFO [2019-10-04 09:48:30] [1] "sans"
INFO [2019-10-04 09:48:30] 
INFO [2019-10-04 09:48:30] $euler.d
INFO [2019-10-04 09:48:30] [1] TRUE
INFO [2019-10-04 09:48:30] 
INFO [2019-10-04 09:48:30] $scaled
INFO [2019-10-04 09:48:30] [1] FALSE
INFO [2019-10-04 09:48:30] 
INFO [2019-10-04 09:48:30] $height
INFO [2019-10-04 09:48:30] [1] 3000
INFO [2019-10-04 09:48:30] 
INFO [2019-10-04 09:48:30] $width
INFO [2019-10-04 09:48:30] [1] 3000
INFO [2019-10-04 09:48:30] 
INFO [2019-10-04 09:48:30] $resolution
INFO [2019-10-04 09:48:30] [1] 500
INFO [2019-10-04 09:48:30] 
INFO [2019-10-04 09:48:30] $imagetype
INFO [2019-10-04 09:48:30] [1] "tiff"
INFO [2019-10-04 09:48:30] 
