INFO [2019-10-22 09:05:24] [[1]]
INFO [2019-10-22 09:05:24] list(resSig_M653vS653$id, resSig_B653vS653$id, resSig_S111vM111$id, 
INFO [2019-10-22 09:05:24]     resSig_B111vM111$id)
INFO [2019-10-22 09:05:24] 
INFO [2019-10-22 09:05:24] $filename
INFO [2019-10-22 09:05:24] NULL
INFO [2019-10-22 09:05:24] 
INFO [2019-10-22 09:05:24] $category.names
INFO [2019-10-22 09:05:24] c("mint (653)\n vs\n potato (653)", "mustard (653)\n vs\n potato (653)", 
INFO [2019-10-22 09:05:24]     "potato (111)\n vs\nmint (111)", "mustard (111)\n vs\n mint (111)")
INFO [2019-10-22 09:05:24] 
INFO [2019-10-22 09:05:24] $fill
INFO [2019-10-22 09:05:24] c("tan4", "orangered2", "skyblue3", "orange1")
INFO [2019-10-22 09:05:24] 
INFO [2019-10-22 09:05:24] $alpha
INFO [2019-10-22 09:05:24] c(0.5, 0.5, 0.5, 0.5)
INFO [2019-10-22 09:05:24] 
INFO [2019-10-22 09:05:24] $cex
INFO [2019-10-22 09:05:24] [1] 2
INFO [2019-10-22 09:05:24] 
INFO [2019-10-22 09:05:24] $fontfamily
INFO [2019-10-22 09:05:24] [1] "sans"
INFO [2019-10-22 09:05:24] 
INFO [2019-10-22 09:05:24] $cat.cex
INFO [2019-10-22 09:05:24] [1] 0.7
INFO [2019-10-22 09:05:24] 
INFO [2019-10-22 09:05:24] $cat.fontface
INFO [2019-10-22 09:05:24] [1] "bold"
INFO [2019-10-22 09:05:24] 
INFO [2019-10-22 09:05:24] $cat.fontfamily
INFO [2019-10-22 09:05:24] [1] "sans"
INFO [2019-10-22 09:05:24] 
INFO [2019-10-22 09:05:24] $euler.d
INFO [2019-10-22 09:05:24] [1] TRUE
INFO [2019-10-22 09:05:24] 
INFO [2019-10-22 09:05:24] $scaled
INFO [2019-10-22 09:05:24] [1] FALSE
INFO [2019-10-22 09:05:24] 
INFO [2019-10-22 09:05:24] $height
INFO [2019-10-22 09:05:24] [1] 3000
INFO [2019-10-22 09:05:24] 
INFO [2019-10-22 09:05:24] $width
INFO [2019-10-22 09:05:24] [1] 3000
INFO [2019-10-22 09:05:24] 
INFO [2019-10-22 09:05:24] $resolution
INFO [2019-10-22 09:05:24] [1] 500
INFO [2019-10-22 09:05:24] 
INFO [2019-10-22 09:05:24] $imagetype
INFO [2019-10-22 09:05:24] [1] "tiff"
INFO [2019-10-22 09:05:24] 
