INFO [2019-10-04 09:29:40] [[1]]
INFO [2019-10-04 09:29:40] list(resSig_M653vS653$id, resSig_B653vS653$id, resSig_S111vM111$id, 
INFO [2019-10-04 09:29:40]     resSig_B111vM111$id)
INFO [2019-10-04 09:29:40] 
INFO [2019-10-04 09:29:40] $filename
INFO [2019-10-04 09:29:40] NULL
INFO [2019-10-04 09:29:40] 
INFO [2019-10-04 09:29:40] $category.names
INFO [2019-10-04 09:29:40] c("mint (653)\n vs\n potato (653)", "mustard (653)\n vs\n potato (653)", 
INFO [2019-10-04 09:29:40]     "potato (111)\n vs\nmint (111)", "mustard (111)\n vs\n potato (111)")
INFO [2019-10-04 09:29:40] 
INFO [2019-10-04 09:29:40] $fill
INFO [2019-10-04 09:29:40] c("tan4", "orangered2", "skyblue3", "orange1")
INFO [2019-10-04 09:29:40] 
INFO [2019-10-04 09:29:40] $alpha
INFO [2019-10-04 09:29:40] c(0.5, 0.5, 0.5, 0.5)
INFO [2019-10-04 09:29:40] 
INFO [2019-10-04 09:29:40] $cex
INFO [2019-10-04 09:29:40] [1] 2
INFO [2019-10-04 09:29:40] 
INFO [2019-10-04 09:29:40] $fontfamily
INFO [2019-10-04 09:29:40] [1] "sans"
INFO [2019-10-04 09:29:40] 
INFO [2019-10-04 09:29:40] $cat.cex
INFO [2019-10-04 09:29:40] [1] 1.8
INFO [2019-10-04 09:29:40] 
INFO [2019-10-04 09:29:40] $cat.fontface
INFO [2019-10-04 09:29:40] [1] "bold"
INFO [2019-10-04 09:29:40] 
INFO [2019-10-04 09:29:40] $cat.fontfamily
INFO [2019-10-04 09:29:40] [1] "sans"
INFO [2019-10-04 09:29:40] 
INFO [2019-10-04 09:29:40] $euler.d
INFO [2019-10-04 09:29:40] [1] TRUE
INFO [2019-10-04 09:29:40] 
INFO [2019-10-04 09:29:40] $scaled
INFO [2019-10-04 09:29:40] [1] FALSE
INFO [2019-10-04 09:29:40] 
INFO [2019-10-04 09:29:40] $height
INFO [2019-10-04 09:29:40] [1] 3000
INFO [2019-10-04 09:29:40] 
INFO [2019-10-04 09:29:40] $width
INFO [2019-10-04 09:29:40] [1] 3000
INFO [2019-10-04 09:29:40] 
INFO [2019-10-04 09:29:40] $resolution
INFO [2019-10-04 09:29:40] [1] 500
INFO [2019-10-04 09:29:40] 
INFO [2019-10-04 09:29:40] $imagetype
INFO [2019-10-04 09:29:40] [1] "tiff"
INFO [2019-10-04 09:29:40] 
