INFO [2019-10-03 09:05:39] [[1]]
INFO [2019-10-03 09:05:39] list(resSig_Cv653$id, resSig_Cv111$id, resSig_653v111$id)
INFO [2019-10-03 09:05:39] 
INFO [2019-10-03 09:05:39] $filename
INFO [2019-10-03 09:05:39] NULL
INFO [2019-10-03 09:05:39] 
INFO [2019-10-03 09:05:39] $category.names
INFO [2019-10-03 09:05:39] c("653 vs control", "111 vs control", "653 vs 111")
INFO [2019-10-03 09:05:39] 
INFO [2019-10-03 09:05:39] $fill
INFO [2019-10-03 09:05:39] c("orangered2", "skyblue3", "orange1")
INFO [2019-10-03 09:05:39] 
INFO [2019-10-03 09:05:39] $alpha
INFO [2019-10-03 09:05:39] c(0.5, 0.5, 0.5)
INFO [2019-10-03 09:05:39] 
INFO [2019-10-03 09:05:39] $cex
INFO [2019-10-03 09:05:39] [1] 2
INFO [2019-10-03 09:05:39] 
INFO [2019-10-03 09:05:39] $cat.fontface
INFO [2019-10-03 09:05:39] [1] "bold"
INFO [2019-10-03 09:05:39] 
INFO [2019-10-03 09:05:39] $fontfamily
INFO [2019-10-03 09:05:39] [1] "sans"
INFO [2019-10-03 09:05:39] 
INFO [2019-10-03 09:05:39] $scaled
INFO [2019-10-03 09:05:39] [1] TRUE
INFO [2019-10-03 09:05:39] 
