INFO [2019-10-04 08:47:37] [[1]]
INFO [2019-10-04 08:47:37] list(resSig_Cv653$id, resSig_Cv111$id, resSig_653v111$id)
INFO [2019-10-04 08:47:37] 
INFO [2019-10-04 08:47:37] $filename
INFO [2019-10-04 08:47:37] NULL
INFO [2019-10-04 08:47:37] 
INFO [2019-10-04 08:47:37] $category.names
INFO [2019-10-04 08:47:37] c("653 vs control", "111 vs control", "653 vs 111")
INFO [2019-10-04 08:47:37] 
INFO [2019-10-04 08:47:37] $fill
INFO [2019-10-04 08:47:37] c("orangered2", "skyblue3", "orange1")
INFO [2019-10-04 08:47:37] 
INFO [2019-10-04 08:47:37] $alpha
INFO [2019-10-04 08:47:37] c(0.5, 0.5, 0.5)
INFO [2019-10-04 08:47:37] 
INFO [2019-10-04 08:47:37] $cex
INFO [2019-10-04 08:47:37] [1] 2
INFO [2019-10-04 08:47:37] 
INFO [2019-10-04 08:47:37] $fontfamily
INFO [2019-10-04 08:47:37] [1] "sans"
INFO [2019-10-04 08:47:37] 
INFO [2019-10-04 08:47:37] $cat.cex
INFO [2019-10-04 08:47:37] [1] 1
INFO [2019-10-04 08:47:37] 
INFO [2019-10-04 08:47:37] $cat.fontface
INFO [2019-10-04 08:47:37] [1] "bold"
INFO [2019-10-04 08:47:37] 
INFO [2019-10-04 08:47:37] $cat.fontfamily
INFO [2019-10-04 08:47:37] [1] "sans"
INFO [2019-10-04 08:47:37] 
INFO [2019-10-04 08:47:37] $euler.d
INFO [2019-10-04 08:47:37] [1] TRUE
INFO [2019-10-04 08:47:37] 
INFO [2019-10-04 08:47:37] $scaled
INFO [2019-10-04 08:47:37] [1] FALSE
INFO [2019-10-04 08:47:37] 
INFO [2019-10-04 08:47:37] $height
INFO [2019-10-04 08:47:37] [1] 3000
INFO [2019-10-04 08:47:37] 
INFO [2019-10-04 08:47:37] $width
INFO [2019-10-04 08:47:37] [1] 3000
INFO [2019-10-04 08:47:37] 
INFO [2019-10-04 08:47:37] $resolution
INFO [2019-10-04 08:47:37] [1] 500
INFO [2019-10-04 08:47:37] 
INFO [2019-10-04 08:47:37] $imagetype
INFO [2019-10-04 08:47:37] [1] "tiff"
INFO [2019-10-04 08:47:37] 
