INFO [2019-10-22 09:04:07] [[1]]
INFO [2019-10-22 09:04:07] list(resSig_M653vS653$id, resSig_B653vS653$id, resSig_S111vM111$id, 
INFO [2019-10-22 09:04:07]     resSig_B111vM111$id)
INFO [2019-10-22 09:04:07] 
INFO [2019-10-22 09:04:07] $filename
INFO [2019-10-22 09:04:07] NULL
INFO [2019-10-22 09:04:07] 
INFO [2019-10-22 09:04:07] $category.names
INFO [2019-10-22 09:04:07] c("mint (653)\n vs\n potato (653)", "mustard (653)\n vs\n potato (653)", 
INFO [2019-10-22 09:04:07]     "potato (111)\n vs\nmint (111)", "mustard (111)\n vs\n mint (111)")
INFO [2019-10-22 09:04:07] 
INFO [2019-10-22 09:04:07] $fill
INFO [2019-10-22 09:04:07] c("tan4", "orangered2", "skyblue3", "orange1")
INFO [2019-10-22 09:04:07] 
INFO [2019-10-22 09:04:07] $alpha
INFO [2019-10-22 09:04:07] c(0.5, 0.5, 0.5, 0.5)
INFO [2019-10-22 09:04:07] 
INFO [2019-10-22 09:04:07] $cex
INFO [2019-10-22 09:04:07] [1] 2
INFO [2019-10-22 09:04:07] 
INFO [2019-10-22 09:04:07] $fontfamily
INFO [2019-10-22 09:04:07] [1] "sans"
INFO [2019-10-22 09:04:07] 
INFO [2019-10-22 09:04:07] $cat.cex
INFO [2019-10-22 09:04:07] [1] 0.7
INFO [2019-10-22 09:04:07] 
INFO [2019-10-22 09:04:07] $cat.fontface
INFO [2019-10-22 09:04:07] [1] "bold"
INFO [2019-10-22 09:04:07] 
INFO [2019-10-22 09:04:07] $cat.fontfamily
INFO [2019-10-22 09:04:07] [1] "sans"
INFO [2019-10-22 09:04:07] 
INFO [2019-10-22 09:04:07] $euler.d
INFO [2019-10-22 09:04:07] [1] TRUE
INFO [2019-10-22 09:04:07] 
INFO [2019-10-22 09:04:07] $scaled
INFO [2019-10-22 09:04:07] [1] FALSE
INFO [2019-10-22 09:04:07] 
INFO [2019-10-22 09:04:07] $height
INFO [2019-10-22 09:04:07] [1] 3000
INFO [2019-10-22 09:04:07] 
INFO [2019-10-22 09:04:07] $width
INFO [2019-10-22 09:04:07] [1] 3000
INFO [2019-10-22 09:04:07] 
INFO [2019-10-22 09:04:07] $resolution
INFO [2019-10-22 09:04:07] [1] 500
INFO [2019-10-22 09:04:07] 
INFO [2019-10-22 09:04:07] $imagetype
INFO [2019-10-22 09:04:07] [1] "tiff"
INFO [2019-10-22 09:04:07] 
