INFO [2019-10-03 08:54:50] [[1]]
INFO [2019-10-03 08:54:50] list(resSig_Cv653$id, resSig_Cv111$id, resSig_653v111$id)
INFO [2019-10-03 08:54:50] 
INFO [2019-10-03 08:54:50] $filename
INFO [2019-10-03 08:54:50] NULL
INFO [2019-10-03 08:54:50] 
INFO [2019-10-03 08:54:50] $category.names
INFO [2019-10-03 08:54:50] c("653 vs control", "111 vs control", "653 vs 111")
INFO [2019-10-03 08:54:50] 
INFO [2019-10-03 08:54:50] $fill
INFO [2019-10-03 08:54:50] c("orangered2", "skyblue3", "orange1")
INFO [2019-10-03 08:54:50] 
INFO [2019-10-03 08:54:50] $alpha
INFO [2019-10-03 08:54:50] c(0.5, 0.5, 0.5)
INFO [2019-10-03 08:54:50] 
INFO [2019-10-03 08:54:50] $cex
INFO [2019-10-03 08:54:50] [1] 2
INFO [2019-10-03 08:54:50] 
INFO [2019-10-03 08:54:50] $cat.fontface
INFO [2019-10-03 08:54:50] [1] 3
INFO [2019-10-03 08:54:50] 
