INFO [2019-10-03 08:54:53] [[1]]
INFO [2019-10-03 08:54:53] list(resSig_Cv653$id, resSig_Cv111$id, resSig_653v111$id)
INFO [2019-10-03 08:54:53] 
INFO [2019-10-03 08:54:53] $filename
INFO [2019-10-03 08:54:53] NULL
INFO [2019-10-03 08:54:53] 
INFO [2019-10-03 08:54:53] $category.names
INFO [2019-10-03 08:54:53] c("653 vs control", "111 vs control", "653 vs 111")
INFO [2019-10-03 08:54:53] 
INFO [2019-10-03 08:54:53] $fill
INFO [2019-10-03 08:54:53] c("orangered2", "skyblue3", "orange1")
INFO [2019-10-03 08:54:53] 
INFO [2019-10-03 08:54:53] $alpha
INFO [2019-10-03 08:54:53] c(0.5, 0.5, 0.5)
INFO [2019-10-03 08:54:53] 
INFO [2019-10-03 08:54:53] $cex
INFO [2019-10-03 08:54:53] [1] 2
INFO [2019-10-03 08:54:53] 
INFO [2019-10-03 08:54:53] $cat.fontface
INFO [2019-10-03 08:54:53] [1] 4
INFO [2019-10-03 08:54:53] 
