INFO [2019-10-03 08:57:35] [[1]]
INFO [2019-10-03 08:57:35] list(resSig_Cv653$id, resSig_Cv111$id, resSig_653v111$id)
INFO [2019-10-03 08:57:35] 
INFO [2019-10-03 08:57:35] $filename
INFO [2019-10-03 08:57:35] NULL
INFO [2019-10-03 08:57:35] 
INFO [2019-10-03 08:57:35] $category.names
INFO [2019-10-03 08:57:35] c("653 vs control", "111 vs control", "653 vs 111")
INFO [2019-10-03 08:57:35] 
INFO [2019-10-03 08:57:35] $fill
INFO [2019-10-03 08:57:35] c("orangered2", "skyblue3", "orange1")
INFO [2019-10-03 08:57:35] 
INFO [2019-10-03 08:57:35] $alpha
INFO [2019-10-03 08:57:35] c(0.5, 0.5, 0.5)
INFO [2019-10-03 08:57:35] 
INFO [2019-10-03 08:57:35] $cex
INFO [2019-10-03 08:57:35] [1] 2
INFO [2019-10-03 08:57:35] 
INFO [2019-10-03 08:57:35] $cat.fontface
INFO [2019-10-03 08:57:35] [1] "bold"
INFO [2019-10-03 08:57:35] 
INFO [2019-10-03 08:57:35] $cat.fontfamily
INFO [2019-10-03 08:57:35] [1] "sanserif"
INFO [2019-10-03 08:57:35] 
