INFO [2019-10-04 08:44:52] [[1]]
INFO [2019-10-04 08:44:52] list(resSig_Cv653$id, resSig_Cv111$id, resSig_653v111$id)
INFO [2019-10-04 08:44:52] 
INFO [2019-10-04 08:44:52] $filename
INFO [2019-10-04 08:44:52] NULL
INFO [2019-10-04 08:44:52] 
INFO [2019-10-04 08:44:52] $category.names
INFO [2019-10-04 08:44:52] c("653 vs control", "111 vs control", "653 vs 111")
INFO [2019-10-04 08:44:52] 
INFO [2019-10-04 08:44:52] $fill
INFO [2019-10-04 08:44:52] c("orangered2", "skyblue3", "orange1")
INFO [2019-10-04 08:44:52] 
INFO [2019-10-04 08:44:52] $alpha
INFO [2019-10-04 08:44:52] c(0.5, 0.5, 0.5)
INFO [2019-10-04 08:44:52] 
INFO [2019-10-04 08:44:52] $cex
INFO [2019-10-04 08:44:52] [1] 2
INFO [2019-10-04 08:44:52] 
INFO [2019-10-04 08:44:52] $fontfamily
INFO [2019-10-04 08:44:52] [1] "sans"
INFO [2019-10-04 08:44:52] 
INFO [2019-10-04 08:44:52] $cat.cex
INFO [2019-10-04 08:44:52] [1] 1
INFO [2019-10-04 08:44:52] 
INFO [2019-10-04 08:44:52] $cat.fontface
INFO [2019-10-04 08:44:52] [1] "bold"
INFO [2019-10-04 08:44:52] 
INFO [2019-10-04 08:44:52] $cat.fontfamily
INFO [2019-10-04 08:44:52] [1] "sans"
INFO [2019-10-04 08:44:52] 
INFO [2019-10-04 08:44:52] $euler.d
INFO [2019-10-04 08:44:52] [1] TRUE
INFO [2019-10-04 08:44:52] 
INFO [2019-10-04 08:44:52] $scaled
INFO [2019-10-04 08:44:52] [1] FALSE
INFO [2019-10-04 08:44:52] 
INFO [2019-10-04 08:44:52] $height
INFO [2019-10-04 08:44:52] [1] 3000
INFO [2019-10-04 08:44:52] 
INFO [2019-10-04 08:44:52] $width
INFO [2019-10-04 08:44:52] [1] 3000
INFO [2019-10-04 08:44:52] 
INFO [2019-10-04 08:44:52] $resolution
INFO [2019-10-04 08:44:52] [1] 500
INFO [2019-10-04 08:44:52] 
INFO [2019-10-04 08:44:52] $imagetype
INFO [2019-10-04 08:44:52] [1] "tiff"
INFO [2019-10-04 08:44:52] 
