INFO [2019-10-22 09:06:30] [[1]]
INFO [2019-10-22 09:06:30] list(resSig_M653vS653$id, resSig_B653vS653$id, resSig_S111vM111$id, 
INFO [2019-10-22 09:06:30]     resSig_B111vM111$id)
INFO [2019-10-22 09:06:30] 
INFO [2019-10-22 09:06:30] $filename
INFO [2019-10-22 09:06:30] NULL
INFO [2019-10-22 09:06:30] 
INFO [2019-10-22 09:06:30] $category.names
INFO [2019-10-22 09:06:30] c("mint (653)\n vs\n potato (653)", "mustard (653)\n vs\n potato (653)", 
INFO [2019-10-22 09:06:30]     "potato (111)\n vs\nmint (111)", "mustard (111)\n vs\n mint (111)")
INFO [2019-10-22 09:06:30] 
INFO [2019-10-22 09:06:30] $fill
INFO [2019-10-22 09:06:30] c("tan4", "orangered2", "skyblue3", "orange1")
INFO [2019-10-22 09:06:30] 
INFO [2019-10-22 09:06:30] $alpha
INFO [2019-10-22 09:06:30] c(0.5, 0.5, 0.5, 0.5)
INFO [2019-10-22 09:06:30] 
INFO [2019-10-22 09:06:30] $cex
INFO [2019-10-22 09:06:30] [1] 2
INFO [2019-10-22 09:06:30] 
INFO [2019-10-22 09:06:30] $fontfamily
INFO [2019-10-22 09:06:30] [1] "sans"
INFO [2019-10-22 09:06:30] 
INFO [2019-10-22 09:06:30] $cat.cex
INFO [2019-10-22 09:06:30] [1] 1.2
INFO [2019-10-22 09:06:30] 
INFO [2019-10-22 09:06:30] $cat.fontface
INFO [2019-10-22 09:06:30] [1] "bold"
INFO [2019-10-22 09:06:30] 
INFO [2019-10-22 09:06:30] $cat.fontfamily
INFO [2019-10-22 09:06:30] [1] "sans"
INFO [2019-10-22 09:06:30] 
INFO [2019-10-22 09:06:30] $euler.d
INFO [2019-10-22 09:06:30] [1] TRUE
INFO [2019-10-22 09:06:30] 
INFO [2019-10-22 09:06:30] $scaled
INFO [2019-10-22 09:06:30] [1] FALSE
INFO [2019-10-22 09:06:30] 
INFO [2019-10-22 09:06:30] $height
INFO [2019-10-22 09:06:30] [1] 3000
INFO [2019-10-22 09:06:30] 
INFO [2019-10-22 09:06:30] $width
INFO [2019-10-22 09:06:30] [1] 3000
INFO [2019-10-22 09:06:30] 
INFO [2019-10-22 09:06:30] $resolution
INFO [2019-10-22 09:06:30] [1] 500
INFO [2019-10-22 09:06:30] 
INFO [2019-10-22 09:06:30] $imagetype
INFO [2019-10-22 09:06:30] [1] "tiff"
INFO [2019-10-22 09:06:30] 
