INFO [2019-10-04 09:27:10] [[1]]
INFO [2019-10-04 09:27:10] list(resSig_M653vS653$id, resSig_B653vS653$id, resSig_S111vM111$id, 
INFO [2019-10-04 09:27:10]     resSig_B111vM111$id)
INFO [2019-10-04 09:27:10] 
INFO [2019-10-04 09:27:10] $filename
INFO [2019-10-04 09:27:10] NULL
INFO [2019-10-04 09:27:10] 
INFO [2019-10-04 09:27:10] $category.names
INFO [2019-10-04 09:27:10] c("mint(653) vs potato(653)", "mustard(653) vs potato(653)", 
INFO [2019-10-04 09:27:10]     "potato(111) vs mint(111)", "mustard(111) vs potato(111)")
INFO [2019-10-04 09:27:10] 
INFO [2019-10-04 09:27:10] $fill
INFO [2019-10-04 09:27:10] c("tan4", "orangered2", "skyblue3", "orange1")
INFO [2019-10-04 09:27:10] 
INFO [2019-10-04 09:27:10] $alpha
INFO [2019-10-04 09:27:10] c(0.5, 0.5, 0.5, 0.5)
INFO [2019-10-04 09:27:10] 
INFO [2019-10-04 09:27:10] $cex
INFO [2019-10-04 09:27:10] [1] 2
INFO [2019-10-04 09:27:10] 
INFO [2019-10-04 09:27:10] $fontfamily
INFO [2019-10-04 09:27:10] [1] "sans"
INFO [2019-10-04 09:27:10] 
INFO [2019-10-04 09:27:10] $cat.cex
INFO [2019-10-04 09:27:10] [1] 1.5
INFO [2019-10-04 09:27:10] 
INFO [2019-10-04 09:27:10] $cat.fontface
INFO [2019-10-04 09:27:10] [1] "bold"
INFO [2019-10-04 09:27:10] 
INFO [2019-10-04 09:27:10] $cat.fontfamily
INFO [2019-10-04 09:27:10] [1] "sans"
INFO [2019-10-04 09:27:10] 
INFO [2019-10-04 09:27:10] $euler.d
INFO [2019-10-04 09:27:10] [1] TRUE
INFO [2019-10-04 09:27:10] 
INFO [2019-10-04 09:27:10] $scaled
INFO [2019-10-04 09:27:10] [1] FALSE
INFO [2019-10-04 09:27:10] 
INFO [2019-10-04 09:27:10] $height
INFO [2019-10-04 09:27:10] [1] 3000
INFO [2019-10-04 09:27:10] 
INFO [2019-10-04 09:27:10] $width
INFO [2019-10-04 09:27:10] [1] 3000
INFO [2019-10-04 09:27:10] 
INFO [2019-10-04 09:27:10] $resolution
INFO [2019-10-04 09:27:10] [1] 500
INFO [2019-10-04 09:27:10] 
INFO [2019-10-04 09:27:10] $imagetype
INFO [2019-10-04 09:27:10] [1] "tiff"
INFO [2019-10-04 09:27:10] 
