INFO [2019-10-04 08:28:53] [[1]]
INFO [2019-10-04 08:28:53] list(resSig_Cv653$id, resSig_Cv111$id, resSig_653v111$id)
INFO [2019-10-04 08:28:53] 
INFO [2019-10-04 08:28:53] $filename
INFO [2019-10-04 08:28:53] NULL
INFO [2019-10-04 08:28:53] 
INFO [2019-10-04 08:28:53] $category.names
INFO [2019-10-04 08:28:53] c("653 vs control", "111 vs control", "653 vs 111")
INFO [2019-10-04 08:28:53] 
INFO [2019-10-04 08:28:53] $fill
INFO [2019-10-04 08:28:53] c("orangered2", "skyblue3", "orange1")
INFO [2019-10-04 08:28:53] 
INFO [2019-10-04 08:28:53] $alpha
INFO [2019-10-04 08:28:53] c(0.5, 0.5, 0.5)
INFO [2019-10-04 08:28:53] 
INFO [2019-10-04 08:28:53] $cex
INFO [2019-10-04 08:28:53] [1] 2
INFO [2019-10-04 08:28:53] 
INFO [2019-10-04 08:28:53] $fontfamily
INFO [2019-10-04 08:28:53] [1] "sans"
INFO [2019-10-04 08:28:53] 
INFO [2019-10-04 08:28:53] $cat.cex
INFO [2019-10-04 08:28:53] [1] 1
INFO [2019-10-04 08:28:53] 
INFO [2019-10-04 08:28:53] $cat.fontface
INFO [2019-10-04 08:28:53] [1] "bold"
INFO [2019-10-04 08:28:53] 
INFO [2019-10-04 08:28:53] $cat.fontfamily
INFO [2019-10-04 08:28:53] [1] "sans"
INFO [2019-10-04 08:28:53] 
INFO [2019-10-04 08:28:53] $scaled
INFO [2019-10-04 08:28:53] [1] TRUE
INFO [2019-10-04 08:28:53] 
INFO [2019-10-04 08:28:53] $height
INFO [2019-10-04 08:28:53] [1] 3000
INFO [2019-10-04 08:28:53] 
INFO [2019-10-04 08:28:53] $width
INFO [2019-10-04 08:28:53] [1] 3000
INFO [2019-10-04 08:28:53] 
INFO [2019-10-04 08:28:53] $resolution
INFO [2019-10-04 08:28:53] [1] 500
INFO [2019-10-04 08:28:53] 
INFO [2019-10-04 08:28:53] $imagetype
INFO [2019-10-04 08:28:53] [1] "tiff"
INFO [2019-10-04 08:28:53] 
INFO [2019-10-04 08:28:53] $direct.area
INFO [2019-10-04 08:28:53] [1] TRUE
INFO [2019-10-04 08:28:53] 
ERROR [2019-10-04 08:28:53] Unexpected parameter length for 'category'
