INFO [2019-10-04 09:45:48] [[1]]
INFO [2019-10-04 09:45:48] list(resSig_S111vS653$id, resSig_M653vM111$id, resSig_B111vB653$id)
INFO [2019-10-04 09:45:48] 
INFO [2019-10-04 09:45:48] $filename
INFO [2019-10-04 09:45:48] NULL
INFO [2019-10-04 09:45:48] 
INFO [2019-10-04 09:45:48] $category.names
INFO [2019-10-04 09:45:48] c("potato (111) vs potato (653)", "mint (653) vs mint (111)", 
INFO [2019-10-04 09:45:48]     "mustard (111) vs nmint (653)")
INFO [2019-10-04 09:45:48] 
INFO [2019-10-04 09:45:48] $fill
INFO [2019-10-04 09:45:48] c("orangered2", "skyblue3", "orange1")
INFO [2019-10-04 09:45:48] 
INFO [2019-10-04 09:45:48] $alpha
INFO [2019-10-04 09:45:48] c(0.5, 0.5, 0.5)
INFO [2019-10-04 09:45:48] 
INFO [2019-10-04 09:45:48] $cex
INFO [2019-10-04 09:45:48] [1] 2
INFO [2019-10-04 09:45:48] 
INFO [2019-10-04 09:45:48] $fontfamily
INFO [2019-10-04 09:45:48] [1] "sans"
INFO [2019-10-04 09:45:48] 
INFO [2019-10-04 09:45:48] $cat.cex
INFO [2019-10-04 09:45:48] [1] 1.8
INFO [2019-10-04 09:45:48] 
INFO [2019-10-04 09:45:48] $cat.fontface
INFO [2019-10-04 09:45:48] [1] "bold"
INFO [2019-10-04 09:45:48] 
INFO [2019-10-04 09:45:48] $cat.fontfamily
INFO [2019-10-04 09:45:48] [1] "sans"
INFO [2019-10-04 09:45:48] 
INFO [2019-10-04 09:45:48] $euler.d
INFO [2019-10-04 09:45:48] [1] TRUE
INFO [2019-10-04 09:45:48] 
INFO [2019-10-04 09:45:48] $scaled
INFO [2019-10-04 09:45:48] [1] FALSE
INFO [2019-10-04 09:45:48] 
INFO [2019-10-04 09:45:48] $height
INFO [2019-10-04 09:45:48] [1] 3000
INFO [2019-10-04 09:45:48] 
INFO [2019-10-04 09:45:48] $width
INFO [2019-10-04 09:45:48] [1] 3000
INFO [2019-10-04 09:45:48] 
INFO [2019-10-04 09:45:48] $resolution
INFO [2019-10-04 09:45:48] [1] 500
INFO [2019-10-04 09:45:48] 
INFO [2019-10-04 09:45:48] $imagetype
INFO [2019-10-04 09:45:48] [1] "tiff"
INFO [2019-10-04 09:45:48] 
