INFO [2019-10-03 08:57:29] [[1]]
INFO [2019-10-03 08:57:29] list(resSig_Cv653$id, resSig_Cv111$id, resSig_653v111$id)
INFO [2019-10-03 08:57:29] 
INFO [2019-10-03 08:57:29] $filename
INFO [2019-10-03 08:57:29] NULL
INFO [2019-10-03 08:57:29] 
INFO [2019-10-03 08:57:29] $category.names
INFO [2019-10-03 08:57:29] c("653 vs control", "111 vs control", "653 vs 111")
INFO [2019-10-03 08:57:29] 
INFO [2019-10-03 08:57:29] $fill
INFO [2019-10-03 08:57:29] c("orangered2", "skyblue3", "orange1")
INFO [2019-10-03 08:57:29] 
INFO [2019-10-03 08:57:29] $alpha
INFO [2019-10-03 08:57:29] c(0.5, 0.5, 0.5)
INFO [2019-10-03 08:57:29] 
INFO [2019-10-03 08:57:29] $cex
INFO [2019-10-03 08:57:29] [1] 2
INFO [2019-10-03 08:57:29] 
INFO [2019-10-03 08:57:29] $cat.fontface
INFO [2019-10-03 08:57:29] [1] "bold"
INFO [2019-10-03 08:57:29] 
INFO [2019-10-03 08:57:29] $cat.fontfamily
INFO [2019-10-03 08:57:29] [1] "serif"
INFO [2019-10-03 08:57:29] 
