INFO [2019-10-03 09:01:55] [[1]]
INFO [2019-10-03 09:01:55] list(resSig_Cv653$id, resSig_Cv111$id, resSig_653v111$id)
INFO [2019-10-03 09:01:55] 
INFO [2019-10-03 09:01:55] $filename
INFO [2019-10-03 09:01:55] NULL
INFO [2019-10-03 09:01:55] 
INFO [2019-10-03 09:01:55] $category.names
INFO [2019-10-03 09:01:55] c("653 vs control", "111 vs control", "653 vs 111")
INFO [2019-10-03 09:01:55] 
INFO [2019-10-03 09:01:55] $fill
INFO [2019-10-03 09:01:55] c("orangered2", "skyblue3", "orange1")
INFO [2019-10-03 09:01:55] 
INFO [2019-10-03 09:01:55] $alpha
INFO [2019-10-03 09:01:55] c(0.5, 0.5, 0.5)
INFO [2019-10-03 09:01:55] 
INFO [2019-10-03 09:01:55] $cex
INFO [2019-10-03 09:01:55] [1] 2
INFO [2019-10-03 09:01:55] 
INFO [2019-10-03 09:01:55] $cat.fontface
INFO [2019-10-03 09:01:55] [1] "bold"
INFO [2019-10-03 09:01:55] 
INFO [2019-10-03 09:01:55] $cat.fontfamily
INFO [2019-10-03 09:01:55] [1] 4
INFO [2019-10-03 09:01:55] 
INFO [2019-10-03 09:01:55] $scaled
INFO [2019-10-03 09:01:55] [1] TRUE
INFO [2019-10-03 09:01:55] 
