INFO [2019-10-04 09:27:39] [[1]]
INFO [2019-10-04 09:27:39] list(resSig_M653vS653$id, resSig_B653vS653$id, resSig_S111vM111$id, 
INFO [2019-10-04 09:27:39]     resSig_B111vM111$id)
INFO [2019-10-04 09:27:39] 
INFO [2019-10-04 09:27:39] $filename
INFO [2019-10-04 09:27:39] NULL
INFO [2019-10-04 09:27:39] 
INFO [2019-10-04 09:27:39] $category.names
INFO [2019-10-04 09:27:39] c("mint(653)\n vs\n potato(653)", "mustard(653) vs potato(653)", 
INFO [2019-10-04 09:27:39]     "potato(111) vs mint(111)", "mustard(111) vs potato(111)")
INFO [2019-10-04 09:27:39] 
INFO [2019-10-04 09:27:39] $fill
INFO [2019-10-04 09:27:39] c("tan4", "orangered2", "skyblue3", "orange1")
INFO [2019-10-04 09:27:39] 
INFO [2019-10-04 09:27:39] $alpha
INFO [2019-10-04 09:27:39] c(0.5, 0.5, 0.5, 0.5)
INFO [2019-10-04 09:27:39] 
INFO [2019-10-04 09:27:39] $cex
INFO [2019-10-04 09:27:39] [1] 2
INFO [2019-10-04 09:27:39] 
INFO [2019-10-04 09:27:39] $fontfamily
INFO [2019-10-04 09:27:39] [1] "sans"
INFO [2019-10-04 09:27:39] 
INFO [2019-10-04 09:27:39] $cat.cex
INFO [2019-10-04 09:27:39] [1] 1.5
INFO [2019-10-04 09:27:39] 
INFO [2019-10-04 09:27:39] $cat.fontface
INFO [2019-10-04 09:27:39] [1] "bold"
INFO [2019-10-04 09:27:39] 
INFO [2019-10-04 09:27:39] $cat.fontfamily
INFO [2019-10-04 09:27:39] [1] "sans"
INFO [2019-10-04 09:27:39] 
INFO [2019-10-04 09:27:39] $euler.d
INFO [2019-10-04 09:27:39] [1] TRUE
INFO [2019-10-04 09:27:39] 
INFO [2019-10-04 09:27:39] $scaled
INFO [2019-10-04 09:27:39] [1] FALSE
INFO [2019-10-04 09:27:39] 
INFO [2019-10-04 09:27:39] $height
INFO [2019-10-04 09:27:39] [1] 3000
INFO [2019-10-04 09:27:39] 
INFO [2019-10-04 09:27:39] $width
INFO [2019-10-04 09:27:39] [1] 3000
INFO [2019-10-04 09:27:39] 
INFO [2019-10-04 09:27:39] $resolution
INFO [2019-10-04 09:27:39] [1] 500
INFO [2019-10-04 09:27:39] 
INFO [2019-10-04 09:27:39] $imagetype
INFO [2019-10-04 09:27:39] [1] "tiff"
INFO [2019-10-04 09:27:39] 
