INFO [2019-10-04 08:48:13] [[1]]
INFO [2019-10-04 08:48:13] list(resSig_Cv653$id, resSig_Cv111$id, resSig_653v111$id)
INFO [2019-10-04 08:48:13] 
INFO [2019-10-04 08:48:13] $filename
INFO [2019-10-04 08:48:13] NULL
INFO [2019-10-04 08:48:13] 
INFO [2019-10-04 08:48:13] $category.names
INFO [2019-10-04 08:48:13] c("653 vs control", "111 vs control", "653 vs 111")
INFO [2019-10-04 08:48:13] 
INFO [2019-10-04 08:48:13] $fill
INFO [2019-10-04 08:48:13] c("orangered2", "skyblue3", "orange1")
INFO [2019-10-04 08:48:13] 
INFO [2019-10-04 08:48:13] $alpha
INFO [2019-10-04 08:48:13] c(0.5, 0.5, 0.5)
INFO [2019-10-04 08:48:13] 
INFO [2019-10-04 08:48:13] $cex
INFO [2019-10-04 08:48:13] [1] 2
INFO [2019-10-04 08:48:13] 
INFO [2019-10-04 08:48:13] $fontfamily
INFO [2019-10-04 08:48:13] [1] "sans"
INFO [2019-10-04 08:48:13] 
INFO [2019-10-04 08:48:13] $cat.cex
INFO [2019-10-04 08:48:13] [1] 1
INFO [2019-10-04 08:48:13] 
INFO [2019-10-04 08:48:13] $cat.fontface
INFO [2019-10-04 08:48:13] [1] "bold"
INFO [2019-10-04 08:48:13] 
INFO [2019-10-04 08:48:13] $cat.fontfamily
INFO [2019-10-04 08:48:13] [1] "sans"
INFO [2019-10-04 08:48:13] 
INFO [2019-10-04 08:48:13] $euler.d
INFO [2019-10-04 08:48:13] [1] TRUE
INFO [2019-10-04 08:48:13] 
INFO [2019-10-04 08:48:13] $scaled
INFO [2019-10-04 08:48:13] [1] FALSE
INFO [2019-10-04 08:48:13] 
INFO [2019-10-04 08:48:13] $height
INFO [2019-10-04 08:48:13] [1] 3000
INFO [2019-10-04 08:48:13] 
INFO [2019-10-04 08:48:13] $width
INFO [2019-10-04 08:48:13] [1] 3000
INFO [2019-10-04 08:48:13] 
INFO [2019-10-04 08:48:13] $resolution
INFO [2019-10-04 08:48:13] [1] 500
INFO [2019-10-04 08:48:13] 
INFO [2019-10-04 08:48:13] $imagetype
INFO [2019-10-04 08:48:13] [1] "tiff"
INFO [2019-10-04 08:48:13] 
