INFO [2019-10-04 08:56:30] [[1]]
INFO [2019-10-04 08:56:30] list(resSig_Cv653$id, resSig_Cv111$id, resSig_653v111$id)
INFO [2019-10-04 08:56:30] 
INFO [2019-10-04 08:56:30] $filename
INFO [2019-10-04 08:56:30] NULL
INFO [2019-10-04 08:56:30] 
INFO [2019-10-04 08:56:30] $category.names
INFO [2019-10-04 08:56:30] c("653 vs control", "111 vs control", "653 vs 111")
INFO [2019-10-04 08:56:30] 
INFO [2019-10-04 08:56:30] $fill
INFO [2019-10-04 08:56:30] c("orangered2", "skyblue3", "orange1")
INFO [2019-10-04 08:56:30] 
INFO [2019-10-04 08:56:30] $alpha
INFO [2019-10-04 08:56:30] c(0.5, 0.5, 0.5)
INFO [2019-10-04 08:56:30] 
INFO [2019-10-04 08:56:30] $cex
INFO [2019-10-04 08:56:30] [1] 2
INFO [2019-10-04 08:56:30] 
INFO [2019-10-04 08:56:30] $fontfamily
INFO [2019-10-04 08:56:30] [1] "sans"
INFO [2019-10-04 08:56:30] 
INFO [2019-10-04 08:56:30] $cat.cex
INFO [2019-10-04 08:56:30] [1] 1
INFO [2019-10-04 08:56:30] 
INFO [2019-10-04 08:56:30] $cat.fontface
INFO [2019-10-04 08:56:30] [1] "bold"
INFO [2019-10-04 08:56:30] 
INFO [2019-10-04 08:56:30] $cat.fontfamily
INFO [2019-10-04 08:56:30] [1] "sans"
INFO [2019-10-04 08:56:30] 
INFO [2019-10-04 08:56:30] $euler.d
INFO [2019-10-04 08:56:30] [1] TRUE
INFO [2019-10-04 08:56:30] 
INFO [2019-10-04 08:56:30] $scaled
INFO [2019-10-04 08:56:30] [1] FALSE
INFO [2019-10-04 08:56:30] 
INFO [2019-10-04 08:56:30] $height
INFO [2019-10-04 08:56:30] [1] 3000
INFO [2019-10-04 08:56:30] 
INFO [2019-10-04 08:56:30] $width
INFO [2019-10-04 08:56:30] [1] 3000
INFO [2019-10-04 08:56:30] 
INFO [2019-10-04 08:56:30] $resolution
INFO [2019-10-04 08:56:30] [1] 500
INFO [2019-10-04 08:56:30] 
INFO [2019-10-04 08:56:30] $imagetype
INFO [2019-10-04 08:56:30] [1] "tiff"
INFO [2019-10-04 08:56:30] 
