INFO [2019-10-03 09:00:58] [[1]]
INFO [2019-10-03 09:00:58] list(resSig_Cv653$id, resSig_Cv111$id, resSig_653v111$id)
INFO [2019-10-03 09:00:58] 
INFO [2019-10-03 09:00:58] $filename
INFO [2019-10-03 09:00:58] NULL
INFO [2019-10-03 09:00:58] 
INFO [2019-10-03 09:00:58] $category.names
INFO [2019-10-03 09:00:58] c("653 vs control", "111 vs control", "653 vs 111")
INFO [2019-10-03 09:00:58] 
INFO [2019-10-03 09:00:58] $fill
INFO [2019-10-03 09:00:58] c("orangered2", "skyblue3", "orange1")
INFO [2019-10-03 09:00:58] 
INFO [2019-10-03 09:00:58] $alpha
INFO [2019-10-03 09:00:58] c(0.5, 0.5, 0.5)
INFO [2019-10-03 09:00:58] 
INFO [2019-10-03 09:00:58] $cex
INFO [2019-10-03 09:00:58] [1] 2
INFO [2019-10-03 09:00:58] 
INFO [2019-10-03 09:00:58] $cat.fontface
INFO [2019-10-03 09:00:58] [1] "bold"
INFO [2019-10-03 09:00:58] 
INFO [2019-10-03 09:00:58] $cat.fontfamily
INFO [2019-10-03 09:00:58] [1] "serif"
INFO [2019-10-03 09:00:58] 
INFO [2019-10-03 09:00:58] $fontface
INFO [2019-10-03 09:00:58] [1] 1
INFO [2019-10-03 09:00:58] 
INFO [2019-10-03 09:00:58] $scaled
INFO [2019-10-03 09:00:58] [1] TRUE
INFO [2019-10-03 09:00:58] 
