INFO [2019-10-03 08:57:38] [[1]]
INFO [2019-10-03 08:57:38] list(resSig_Cv653$id, resSig_Cv111$id, resSig_653v111$id)
INFO [2019-10-03 08:57:38] 
INFO [2019-10-03 08:57:38] $filename
INFO [2019-10-03 08:57:38] NULL
INFO [2019-10-03 08:57:38] 
INFO [2019-10-03 08:57:38] $category.names
INFO [2019-10-03 08:57:38] c("653 vs control", "111 vs control", "653 vs 111")
INFO [2019-10-03 08:57:38] 
INFO [2019-10-03 08:57:38] $fill
INFO [2019-10-03 08:57:38] c("orangered2", "skyblue3", "orange1")
INFO [2019-10-03 08:57:38] 
INFO [2019-10-03 08:57:38] $alpha
INFO [2019-10-03 08:57:38] c(0.5, 0.5, 0.5)
INFO [2019-10-03 08:57:38] 
INFO [2019-10-03 08:57:38] $cex
INFO [2019-10-03 08:57:38] [1] 2
INFO [2019-10-03 08:57:38] 
INFO [2019-10-03 08:57:38] $cat.fontface
INFO [2019-10-03 08:57:38] [1] "bold"
INFO [2019-10-03 08:57:38] 
INFO [2019-10-03 08:57:38] $cat.fontfamily
INFO [2019-10-03 08:57:38] [1] "sansserif"
INFO [2019-10-03 08:57:38] 
