INFO [2019-10-04 09:45:11] [[1]]
INFO [2019-10-04 09:45:11] list(resSig_S111vS653$id, resSig_M653vM111$id, resSig_B111vB653$id)
INFO [2019-10-04 09:45:11] 
INFO [2019-10-04 09:45:11] $filename
INFO [2019-10-04 09:45:11] NULL
INFO [2019-10-04 09:45:11] 
INFO [2019-10-04 09:45:11] $category.names
INFO [2019-10-04 09:45:11] c("potato (111)\n vs\n potato (653)", "mint (653)\n vs\n mint (111)", 
INFO [2019-10-04 09:45:11]     "mustard (111)\n vs\nmint (653)")
INFO [2019-10-04 09:45:11] 
INFO [2019-10-04 09:45:11] $fill
INFO [2019-10-04 09:45:11] c("orangered2", "skyblue3", "orange1")
INFO [2019-10-04 09:45:11] 
INFO [2019-10-04 09:45:11] $alpha
INFO [2019-10-04 09:45:11] c(0.5, 0.5, 0.5)
INFO [2019-10-04 09:45:11] 
INFO [2019-10-04 09:45:11] $cex
INFO [2019-10-04 09:45:11] [1] 2
INFO [2019-10-04 09:45:11] 
INFO [2019-10-04 09:45:11] $fontfamily
INFO [2019-10-04 09:45:11] [1] "sans"
INFO [2019-10-04 09:45:11] 
INFO [2019-10-04 09:45:11] $cat.cex
INFO [2019-10-04 09:45:11] [1] 1.8
INFO [2019-10-04 09:45:11] 
INFO [2019-10-04 09:45:11] $cat.fontface
INFO [2019-10-04 09:45:11] [1] "bold"
INFO [2019-10-04 09:45:11] 
INFO [2019-10-04 09:45:11] $cat.fontfamily
INFO [2019-10-04 09:45:11] [1] "sans"
INFO [2019-10-04 09:45:11] 
INFO [2019-10-04 09:45:11] $euler.d
INFO [2019-10-04 09:45:11] [1] TRUE
INFO [2019-10-04 09:45:11] 
INFO [2019-10-04 09:45:11] $scaled
INFO [2019-10-04 09:45:11] [1] FALSE
INFO [2019-10-04 09:45:11] 
INFO [2019-10-04 09:45:11] $height
INFO [2019-10-04 09:45:11] [1] 3000
INFO [2019-10-04 09:45:11] 
INFO [2019-10-04 09:45:11] $width
INFO [2019-10-04 09:45:11] [1] 3000
INFO [2019-10-04 09:45:11] 
INFO [2019-10-04 09:45:11] $resolution
INFO [2019-10-04 09:45:11] [1] 500
INFO [2019-10-04 09:45:11] 
INFO [2019-10-04 09:45:11] $imagetype
INFO [2019-10-04 09:45:11] [1] "tiff"
INFO [2019-10-04 09:45:11] 
