INFO [2019-10-04 09:47:33] [[1]]
INFO [2019-10-04 09:47:33] list(resSig_S111vS653$id, resSig_M653vM111$id, resSig_B111vB653$id)
INFO [2019-10-04 09:47:33] 
INFO [2019-10-04 09:47:33] $filename
INFO [2019-10-04 09:47:33] NULL
INFO [2019-10-04 09:47:33] 
INFO [2019-10-04 09:47:33] $category.names
INFO [2019-10-04 09:47:33] c("   potato (111) vs potato (653)", "mint (653) vs mint (111)", 
INFO [2019-10-04 09:47:33]     "mustard (111) vs mint (653)")
INFO [2019-10-04 09:47:33] 
INFO [2019-10-04 09:47:33] $fill
INFO [2019-10-04 09:47:33] c("orangered2", "skyblue3", "orange1")
INFO [2019-10-04 09:47:33] 
INFO [2019-10-04 09:47:33] $alpha
INFO [2019-10-04 09:47:33] c(0.5, 0.5, 0.5)
INFO [2019-10-04 09:47:33] 
INFO [2019-10-04 09:47:33] $cex
INFO [2019-10-04 09:47:33] [1] 2
INFO [2019-10-04 09:47:33] 
INFO [2019-10-04 09:47:33] $fontfamily
INFO [2019-10-04 09:47:33] [1] "sans"
INFO [2019-10-04 09:47:33] 
INFO [2019-10-04 09:47:33] $cat.cex
INFO [2019-10-04 09:47:33] [1] 1.2
INFO [2019-10-04 09:47:33] 
INFO [2019-10-04 09:47:33] $cat.fontface
INFO [2019-10-04 09:47:33] [1] "bold"
INFO [2019-10-04 09:47:33] 
INFO [2019-10-04 09:47:33] $cat.fontfamily
INFO [2019-10-04 09:47:33] [1] "sans"
INFO [2019-10-04 09:47:33] 
INFO [2019-10-04 09:47:33] $euler.d
INFO [2019-10-04 09:47:33] [1] TRUE
INFO [2019-10-04 09:47:33] 
INFO [2019-10-04 09:47:33] $scaled
INFO [2019-10-04 09:47:33] [1] FALSE
INFO [2019-10-04 09:47:33] 
INFO [2019-10-04 09:47:33] $height
INFO [2019-10-04 09:47:33] [1] 3000
INFO [2019-10-04 09:47:33] 
INFO [2019-10-04 09:47:33] $width
INFO [2019-10-04 09:47:33] [1] 3000
INFO [2019-10-04 09:47:33] 
INFO [2019-10-04 09:47:33] $resolution
INFO [2019-10-04 09:47:33] [1] 500
INFO [2019-10-04 09:47:33] 
INFO [2019-10-04 09:47:33] $imagetype
INFO [2019-10-04 09:47:33] [1] "tiff"
INFO [2019-10-04 09:47:33] 
