INFO [2019-10-03 09:07:19] [[1]]
INFO [2019-10-03 09:07:19] list(resSig_Cv653$id, resSig_Cv111$id, resSig_653v111$id)
INFO [2019-10-03 09:07:19] 
INFO [2019-10-03 09:07:19] $filename
INFO [2019-10-03 09:07:19] NULL
INFO [2019-10-03 09:07:19] 
INFO [2019-10-03 09:07:19] $category.names
INFO [2019-10-03 09:07:19] c("653 vs control", "111 vs control", "653 vs 111")
INFO [2019-10-03 09:07:19] 
INFO [2019-10-03 09:07:19] $fill
INFO [2019-10-03 09:07:19] c("orangered2", "skyblue3", "orange1")
INFO [2019-10-03 09:07:19] 
INFO [2019-10-03 09:07:19] $alpha
INFO [2019-10-03 09:07:19] c(0.5, 0.5, 0.5)
INFO [2019-10-03 09:07:19] 
INFO [2019-10-03 09:07:19] $cex
INFO [2019-10-03 09:07:19] [1] 2
INFO [2019-10-03 09:07:19] 
INFO [2019-10-03 09:07:19] $fontfamily
INFO [2019-10-03 09:07:19] [1] "sans"
INFO [2019-10-03 09:07:19] 
INFO [2019-10-03 09:07:19] $cat.cex
INFO [2019-10-03 09:07:19] [1] 2
INFO [2019-10-03 09:07:19] 
INFO [2019-10-03 09:07:19] $cat.fontface
INFO [2019-10-03 09:07:19] [1] "bold"
INFO [2019-10-03 09:07:19] 
INFO [2019-10-03 09:07:19] $cat.fontfamily
INFO [2019-10-03 09:07:19] [1] "sans"
INFO [2019-10-03 09:07:19] 
INFO [2019-10-03 09:07:19] $scaled
INFO [2019-10-03 09:07:19] [1] TRUE
INFO [2019-10-03 09:07:19] 
