INFO [2019-10-04 08:47:56] [[1]]
INFO [2019-10-04 08:47:56] list(resSig_Cv653$id, resSig_Cv111$id, resSig_653v111$id)
INFO [2019-10-04 08:47:56] 
INFO [2019-10-04 08:47:56] $filename
INFO [2019-10-04 08:47:56] NULL
INFO [2019-10-04 08:47:56] 
INFO [2019-10-04 08:47:56] $category.names
INFO [2019-10-04 08:47:56] c("653 vs control", "111 vs control", "653 vs 111")
INFO [2019-10-04 08:47:56] 
INFO [2019-10-04 08:47:56] $fill
INFO [2019-10-04 08:47:56] c("orangered2", "skyblue3", "orange1")
INFO [2019-10-04 08:47:56] 
INFO [2019-10-04 08:47:56] $alpha
INFO [2019-10-04 08:47:56] c(0.5, 0.5, 0.5)
INFO [2019-10-04 08:47:56] 
INFO [2019-10-04 08:47:56] $cex
INFO [2019-10-04 08:47:56] [1] 2
INFO [2019-10-04 08:47:56] 
INFO [2019-10-04 08:47:56] $fontfamily
INFO [2019-10-04 08:47:56] [1] "sans"
INFO [2019-10-04 08:47:56] 
INFO [2019-10-04 08:47:56] $cat.cex
INFO [2019-10-04 08:47:56] [1] 1
INFO [2019-10-04 08:47:56] 
INFO [2019-10-04 08:47:56] $cat.fontface
INFO [2019-10-04 08:47:56] [1] "bold"
INFO [2019-10-04 08:47:56] 
INFO [2019-10-04 08:47:56] $cat.fontfamily
INFO [2019-10-04 08:47:56] [1] "sans"
INFO [2019-10-04 08:47:56] 
INFO [2019-10-04 08:47:56] $euler.d
INFO [2019-10-04 08:47:56] [1] TRUE
INFO [2019-10-04 08:47:56] 
INFO [2019-10-04 08:47:56] $scaled
INFO [2019-10-04 08:47:56] [1] FALSE
INFO [2019-10-04 08:47:56] 
INFO [2019-10-04 08:47:56] $height
INFO [2019-10-04 08:47:56] [1] 3000
INFO [2019-10-04 08:47:56] 
INFO [2019-10-04 08:47:56] $width
INFO [2019-10-04 08:47:56] [1] 3000
INFO [2019-10-04 08:47:56] 
INFO [2019-10-04 08:47:56] $resolution
INFO [2019-10-04 08:47:56] [1] 500
INFO [2019-10-04 08:47:56] 
INFO [2019-10-04 08:47:56] $imagetype
INFO [2019-10-04 08:47:56] [1] "tiff"
INFO [2019-10-04 08:47:56] 
