INFO [2019-10-04 08:30:58] [[1]]
INFO [2019-10-04 08:30:58] list(resSig_Cv653$id, resSig_Cv111$id, resSig_653v111$id)
INFO [2019-10-04 08:30:58] 
INFO [2019-10-04 08:30:58] $filename
INFO [2019-10-04 08:30:58] NULL
INFO [2019-10-04 08:30:58] 
INFO [2019-10-04 08:30:58] $category.names
INFO [2019-10-04 08:30:58] c("653 vs control", "111 vs control", "653 vs 111")
INFO [2019-10-04 08:30:58] 
INFO [2019-10-04 08:30:58] $fill
INFO [2019-10-04 08:30:58] c("orangered2", "skyblue3", "orange1")
INFO [2019-10-04 08:30:58] 
INFO [2019-10-04 08:30:58] $alpha
INFO [2019-10-04 08:30:58] c(0.5, 0.5, 0.5)
INFO [2019-10-04 08:30:58] 
INFO [2019-10-04 08:30:58] $cex
INFO [2019-10-04 08:30:58] [1] 2
INFO [2019-10-04 08:30:58] 
INFO [2019-10-04 08:30:58] $fontfamily
INFO [2019-10-04 08:30:58] [1] "sans"
INFO [2019-10-04 08:30:58] 
INFO [2019-10-04 08:30:58] $cat.cex
INFO [2019-10-04 08:30:58] [1] 1
INFO [2019-10-04 08:30:58] 
INFO [2019-10-04 08:30:58] $cat.fontface
INFO [2019-10-04 08:30:58] [1] "bold"
INFO [2019-10-04 08:30:58] 
INFO [2019-10-04 08:30:58] $cat.fontfamily
INFO [2019-10-04 08:30:58] [1] "sans"
INFO [2019-10-04 08:30:58] 
INFO [2019-10-04 08:30:58] $euler.d
INFO [2019-10-04 08:30:58] [1] TRUE
INFO [2019-10-04 08:30:58] 
INFO [2019-10-04 08:30:58] $scaled
INFO [2019-10-04 08:30:58] [1] FALSE
INFO [2019-10-04 08:30:58] 
INFO [2019-10-04 08:30:58] $height
INFO [2019-10-04 08:30:58] [1] 3000
INFO [2019-10-04 08:30:58] 
INFO [2019-10-04 08:30:58] $width
INFO [2019-10-04 08:30:58] [1] 3000
INFO [2019-10-04 08:30:58] 
INFO [2019-10-04 08:30:58] $resolution
INFO [2019-10-04 08:30:58] [1] 500
INFO [2019-10-04 08:30:58] 
INFO [2019-10-04 08:30:58] $imagetype
INFO [2019-10-04 08:30:58] [1] "tiff"
INFO [2019-10-04 08:30:58] 
