INFO [2019-10-03 08:55:00] [[1]]
INFO [2019-10-03 08:55:00] list(resSig_Cv653$id, resSig_Cv111$id, resSig_653v111$id)
INFO [2019-10-03 08:55:00] 
INFO [2019-10-03 08:55:00] $filename
INFO [2019-10-03 08:55:00] NULL
INFO [2019-10-03 08:55:00] 
INFO [2019-10-03 08:55:00] $category.names
INFO [2019-10-03 08:55:00] c("653 vs control", "111 vs control", "653 vs 111")
INFO [2019-10-03 08:55:00] 
INFO [2019-10-03 08:55:00] $fill
INFO [2019-10-03 08:55:00] c("orangered2", "skyblue3", "orange1")
INFO [2019-10-03 08:55:00] 
INFO [2019-10-03 08:55:00] $alpha
INFO [2019-10-03 08:55:00] c(0.5, 0.5, 0.5)
INFO [2019-10-03 08:55:00] 
INFO [2019-10-03 08:55:00] $cex
INFO [2019-10-03 08:55:00] [1] 2
INFO [2019-10-03 08:55:00] 
INFO [2019-10-03 08:55:00] $cat.fontface
INFO [2019-10-03 08:55:00] [1] 6
INFO [2019-10-03 08:55:00] 
