INFO [2019-10-03 08:58:07] [[1]]
INFO [2019-10-03 08:58:07] list(resSig_Cv653$id, resSig_Cv111$id, resSig_653v111$id)
INFO [2019-10-03 08:58:07] 
INFO [2019-10-03 08:58:07] $filename
INFO [2019-10-03 08:58:07] NULL
INFO [2019-10-03 08:58:07] 
INFO [2019-10-03 08:58:07] $category.names
INFO [2019-10-03 08:58:07] c("653 vs control", "111 vs control", "653 vs 111")
INFO [2019-10-03 08:58:07] 
INFO [2019-10-03 08:58:07] $fill
INFO [2019-10-03 08:58:07] c("orangered2", "skyblue3", "orange1")
INFO [2019-10-03 08:58:07] 
INFO [2019-10-03 08:58:07] $alpha
INFO [2019-10-03 08:58:07] c(0.5, 0.5, 0.5)
INFO [2019-10-03 08:58:07] 
INFO [2019-10-03 08:58:07] $cex
INFO [2019-10-03 08:58:07] [1] 2
INFO [2019-10-03 08:58:07] 
INFO [2019-10-03 08:58:07] $cat.fontface
INFO [2019-10-03 08:58:07] [1] "bold"
INFO [2019-10-03 08:58:07] 
INFO [2019-10-03 08:58:07] $fontfamily
INFO [2019-10-03 08:58:07] [1] "sansserif"
INFO [2019-10-03 08:58:07] 
INFO [2019-10-03 08:58:07] $cat.fontfamily
INFO [2019-10-03 08:58:07] [1] "serif"
INFO [2019-10-03 08:58:07] 
