INFO [2019-10-04 09:46:49] [[1]]
INFO [2019-10-04 09:46:49] list(resSig_S111vS653$id, resSig_M653vM111$id, resSig_B111vB653$id)
INFO [2019-10-04 09:46:49] 
INFO [2019-10-04 09:46:49] $filename
INFO [2019-10-04 09:46:49] NULL
INFO [2019-10-04 09:46:49] 
INFO [2019-10-04 09:46:49] $category.names
INFO [2019-10-04 09:46:49] c("potato (111) vs potato (653)", "mint (653) vs mint (111)", 
INFO [2019-10-04 09:46:49]     "mustard (111) vs mint (653)")
INFO [2019-10-04 09:46:49] 
INFO [2019-10-04 09:46:49] $fill
INFO [2019-10-04 09:46:49] c("orangered2", "skyblue3", "orange1")
INFO [2019-10-04 09:46:49] 
INFO [2019-10-04 09:46:49] $alpha
INFO [2019-10-04 09:46:49] c(0.5, 0.5, 0.5)
INFO [2019-10-04 09:46:49] 
INFO [2019-10-04 09:46:49] $cex
INFO [2019-10-04 09:46:49] [1] 2
INFO [2019-10-04 09:46:49] 
INFO [2019-10-04 09:46:49] $fontfamily
INFO [2019-10-04 09:46:49] [1] "sans"
INFO [2019-10-04 09:46:49] 
INFO [2019-10-04 09:46:49] $cat.cex
INFO [2019-10-04 09:46:49] [1] 1
INFO [2019-10-04 09:46:49] 
INFO [2019-10-04 09:46:49] $cat.fontface
INFO [2019-10-04 09:46:49] [1] "bold"
INFO [2019-10-04 09:46:49] 
INFO [2019-10-04 09:46:49] $cat.fontfamily
INFO [2019-10-04 09:46:49] [1] "sans"
INFO [2019-10-04 09:46:49] 
INFO [2019-10-04 09:46:49] $euler.d
INFO [2019-10-04 09:46:49] [1] TRUE
INFO [2019-10-04 09:46:49] 
INFO [2019-10-04 09:46:49] $scaled
INFO [2019-10-04 09:46:49] [1] FALSE
INFO [2019-10-04 09:46:49] 
INFO [2019-10-04 09:46:49] $height
INFO [2019-10-04 09:46:49] [1] 3000
INFO [2019-10-04 09:46:49] 
INFO [2019-10-04 09:46:49] $width
INFO [2019-10-04 09:46:49] [1] 3000
INFO [2019-10-04 09:46:49] 
INFO [2019-10-04 09:46:49] $resolution
INFO [2019-10-04 09:46:49] [1] 500
INFO [2019-10-04 09:46:49] 
INFO [2019-10-04 09:46:49] $imagetype
INFO [2019-10-04 09:46:49] [1] "tiff"
INFO [2019-10-04 09:46:49] 
