INFO [2019-10-03 08:59:01] [[1]]
INFO [2019-10-03 08:59:01] list(resSig_Cv653$id, resSig_Cv111$id, resSig_653v111$id)
INFO [2019-10-03 08:59:01] 
INFO [2019-10-03 08:59:01] $filename
INFO [2019-10-03 08:59:01] NULL
INFO [2019-10-03 08:59:01] 
INFO [2019-10-03 08:59:01] $category.names
INFO [2019-10-03 08:59:01] c("653 vs control", "111 vs control", "653 vs 111")
INFO [2019-10-03 08:59:01] 
INFO [2019-10-03 08:59:01] $fill
INFO [2019-10-03 08:59:01] c("orangered2", "skyblue3", "orange1")
INFO [2019-10-03 08:59:01] 
INFO [2019-10-03 08:59:01] $alpha
INFO [2019-10-03 08:59:01] c(0.5, 0.5, 0.5)
INFO [2019-10-03 08:59:01] 
INFO [2019-10-03 08:59:01] $cex
INFO [2019-10-03 08:59:01] [1] 2
INFO [2019-10-03 08:59:01] 
INFO [2019-10-03 08:59:01] $cat.fontface
INFO [2019-10-03 08:59:01] [1] "bold"
INFO [2019-10-03 08:59:01] 
INFO [2019-10-03 08:59:01] $cat.fontfamily
INFO [2019-10-03 08:59:01] [1] "serif"
INFO [2019-10-03 08:59:01] 
INFO [2019-10-03 08:59:01] $scaled
INFO [2019-10-03 08:59:01] [1] TRUE
INFO [2019-10-03 08:59:01] 
