INFO [2019-10-22 09:06:01] [[1]]
INFO [2019-10-22 09:06:01] list(resSig_M653vS653$id, resSig_B653vS653$id, resSig_S111vM111$id, 
INFO [2019-10-22 09:06:01]     resSig_B111vM111$id)
INFO [2019-10-22 09:06:01] 
INFO [2019-10-22 09:06:01] $filename
INFO [2019-10-22 09:06:01] NULL
INFO [2019-10-22 09:06:01] 
INFO [2019-10-22 09:06:01] $category.names
INFO [2019-10-22 09:06:01] c("mint (653)\n vs\n potato (653)", "mustard (653)\n vs\n potato (653)", 
INFO [2019-10-22 09:06:01]     "potato (111)\n vs\nmint (111)", "mustard (111)\n vs\n mint (111)")
INFO [2019-10-22 09:06:01] 
INFO [2019-10-22 09:06:01] $fill
INFO [2019-10-22 09:06:01] c("tan4", "orangered2", "skyblue3", "orange1")
INFO [2019-10-22 09:06:01] 
INFO [2019-10-22 09:06:01] $alpha
INFO [2019-10-22 09:06:01] c(0.5, 0.5, 0.5, 0.5)
INFO [2019-10-22 09:06:01] 
INFO [2019-10-22 09:06:01] $cex
INFO [2019-10-22 09:06:01] [1] 2
INFO [2019-10-22 09:06:01] 
INFO [2019-10-22 09:06:01] $fontfamily
INFO [2019-10-22 09:06:01] [1] "sans"
INFO [2019-10-22 09:06:01] 
INFO [2019-10-22 09:06:01] $cat.cex
INFO [2019-10-22 09:06:01] [1] 0.7
INFO [2019-10-22 09:06:01] 
INFO [2019-10-22 09:06:01] $cat.fontface
INFO [2019-10-22 09:06:01] [1] "bold"
INFO [2019-10-22 09:06:01] 
INFO [2019-10-22 09:06:01] $cat.fontfamily
INFO [2019-10-22 09:06:01] [1] "sans"
INFO [2019-10-22 09:06:01] 
INFO [2019-10-22 09:06:01] $euler.d
INFO [2019-10-22 09:06:01] [1] TRUE
INFO [2019-10-22 09:06:01] 
INFO [2019-10-22 09:06:01] $scaled
INFO [2019-10-22 09:06:01] [1] FALSE
INFO [2019-10-22 09:06:01] 
INFO [2019-10-22 09:06:01] $height
INFO [2019-10-22 09:06:01] [1] 3000
INFO [2019-10-22 09:06:01] 
INFO [2019-10-22 09:06:01] $width
INFO [2019-10-22 09:06:01] [1] 3000
INFO [2019-10-22 09:06:01] 
INFO [2019-10-22 09:06:01] $resolution
INFO [2019-10-22 09:06:01] [1] 500
INFO [2019-10-22 09:06:01] 
INFO [2019-10-22 09:06:01] $imagetype
INFO [2019-10-22 09:06:01] [1] "tiff"
INFO [2019-10-22 09:06:01] 
