INFO [2019-10-04 09:26:51] [[1]]
INFO [2019-10-04 09:26:51] list(resSig_M653vS653$id, resSig_B653vS653$id, resSig_S111vM111$id, 
INFO [2019-10-04 09:26:51]     resSig_B111vM111$id)
INFO [2019-10-04 09:26:51] 
INFO [2019-10-04 09:26:51] $filename
INFO [2019-10-04 09:26:51] NULL
INFO [2019-10-04 09:26:51] 
INFO [2019-10-04 09:26:51] $category.names
INFO [2019-10-04 09:26:51] c("mint(653) vs potato(653)", "mustard(653) vs potato(653)", 
INFO [2019-10-04 09:26:51]     "potato(111) vs mint(111)", "mustard(111) vs potato(111)")
INFO [2019-10-04 09:26:51] 
INFO [2019-10-04 09:26:51] $fill
INFO [2019-10-04 09:26:51] c("tan4", "orangered2", "skyblue3", "orange1")
INFO [2019-10-04 09:26:51] 
INFO [2019-10-04 09:26:51] $alpha
INFO [2019-10-04 09:26:51] c(0.5, 0.5, 0.5, 0.5)
INFO [2019-10-04 09:26:51] 
INFO [2019-10-04 09:26:51] $cex
INFO [2019-10-04 09:26:51] [1] 2
INFO [2019-10-04 09:26:51] 
INFO [2019-10-04 09:26:51] $fontfamily
INFO [2019-10-04 09:26:51] [1] "sans"
INFO [2019-10-04 09:26:51] 
INFO [2019-10-04 09:26:51] $cat.cex
INFO [2019-10-04 09:26:51] [1] 1
INFO [2019-10-04 09:26:51] 
INFO [2019-10-04 09:26:51] $cat.fontface
INFO [2019-10-04 09:26:51] [1] "bold"
INFO [2019-10-04 09:26:51] 
INFO [2019-10-04 09:26:51] $cat.fontfamily
INFO [2019-10-04 09:26:51] [1] "sans"
INFO [2019-10-04 09:26:51] 
INFO [2019-10-04 09:26:51] $euler.d
INFO [2019-10-04 09:26:51] [1] TRUE
INFO [2019-10-04 09:26:51] 
INFO [2019-10-04 09:26:51] $scaled
INFO [2019-10-04 09:26:51] [1] FALSE
INFO [2019-10-04 09:26:51] 
INFO [2019-10-04 09:26:51] $height
INFO [2019-10-04 09:26:51] [1] 3000
INFO [2019-10-04 09:26:51] 
INFO [2019-10-04 09:26:51] $width
INFO [2019-10-04 09:26:51] [1] 3000
INFO [2019-10-04 09:26:51] 
INFO [2019-10-04 09:26:51] $resolution
INFO [2019-10-04 09:26:51] [1] 500
INFO [2019-10-04 09:26:51] 
INFO [2019-10-04 09:26:51] $imagetype
INFO [2019-10-04 09:26:51] [1] "tiff"
INFO [2019-10-04 09:26:51] 
