INFO [2019-10-04 09:28:59] [[1]]
INFO [2019-10-04 09:28:59] list(resSig_M653vS653$id, resSig_B653vS653$id, resSig_S111vM111$id, 
INFO [2019-10-04 09:28:59]     resSig_B111vM111$id)
INFO [2019-10-04 09:28:59] 
INFO [2019-10-04 09:28:59] $filename
INFO [2019-10-04 09:28:59] NULL
INFO [2019-10-04 09:28:59] 
INFO [2019-10-04 09:28:59] $category.names
INFO [2019-10-04 09:28:59] c("mint(653)\n vs\n potato(653)", "mustard(653)\n vs\n potato(653)", 
INFO [2019-10-04 09:28:59]     "potato(111)\n vs\nmint(111)", "mustard(111)\n vs\n potato(111)")
INFO [2019-10-04 09:28:59] 
INFO [2019-10-04 09:28:59] $fill
INFO [2019-10-04 09:28:59] c("tan4", "orangered2", "skyblue3", "orange1")
INFO [2019-10-04 09:28:59] 
INFO [2019-10-04 09:28:59] $alpha
INFO [2019-10-04 09:28:59] c(0.5, 0.5, 0.5, 0.5)
INFO [2019-10-04 09:28:59] 
INFO [2019-10-04 09:28:59] $cex
INFO [2019-10-04 09:28:59] [1] 2
INFO [2019-10-04 09:28:59] 
INFO [2019-10-04 09:28:59] $fontfamily
INFO [2019-10-04 09:28:59] [1] "sans"
INFO [2019-10-04 09:28:59] 
INFO [2019-10-04 09:28:59] $cat.cex
INFO [2019-10-04 09:28:59] [1] 2
INFO [2019-10-04 09:28:59] 
INFO [2019-10-04 09:28:59] $cat.fontface
INFO [2019-10-04 09:28:59] [1] "bold"
INFO [2019-10-04 09:28:59] 
INFO [2019-10-04 09:28:59] $cat.fontfamily
INFO [2019-10-04 09:28:59] [1] "sans"
INFO [2019-10-04 09:28:59] 
INFO [2019-10-04 09:28:59] $euler.d
INFO [2019-10-04 09:28:59] [1] TRUE
INFO [2019-10-04 09:28:59] 
INFO [2019-10-04 09:28:59] $scaled
INFO [2019-10-04 09:28:59] [1] FALSE
INFO [2019-10-04 09:28:59] 
INFO [2019-10-04 09:28:59] $height
INFO [2019-10-04 09:28:59] [1] 3000
INFO [2019-10-04 09:28:59] 
INFO [2019-10-04 09:28:59] $width
INFO [2019-10-04 09:28:59] [1] 3000
INFO [2019-10-04 09:28:59] 
INFO [2019-10-04 09:28:59] $resolution
INFO [2019-10-04 09:28:59] [1] 500
INFO [2019-10-04 09:28:59] 
INFO [2019-10-04 09:28:59] $imagetype
INFO [2019-10-04 09:28:59] [1] "tiff"
INFO [2019-10-04 09:28:59] 
