INFO [2019-10-04 08:28:43] [[1]]
INFO [2019-10-04 08:28:43] list(resSig_Cv653$id, resSig_Cv111$id, resSig_653v111$id)
INFO [2019-10-04 08:28:43] 
INFO [2019-10-04 08:28:43] $filename
INFO [2019-10-04 08:28:43] NULL
INFO [2019-10-04 08:28:43] 
INFO [2019-10-04 08:28:43] $category.names
INFO [2019-10-04 08:28:43] c("653 vs control", "111 vs control", "653 vs 111")
INFO [2019-10-04 08:28:43] 
INFO [2019-10-04 08:28:43] $fill
INFO [2019-10-04 08:28:43] c("orangered2", "skyblue3", "orange1")
INFO [2019-10-04 08:28:43] 
INFO [2019-10-04 08:28:43] $alpha
INFO [2019-10-04 08:28:43] c(0.5, 0.5, 0.5)
INFO [2019-10-04 08:28:43] 
INFO [2019-10-04 08:28:43] $cex
INFO [2019-10-04 08:28:43] [1] 2
INFO [2019-10-04 08:28:43] 
INFO [2019-10-04 08:28:43] $fontfamily
INFO [2019-10-04 08:28:43] [1] "sans"
INFO [2019-10-04 08:28:43] 
INFO [2019-10-04 08:28:43] $cat.cex
INFO [2019-10-04 08:28:43] [1] 1
INFO [2019-10-04 08:28:43] 
INFO [2019-10-04 08:28:43] $cat.fontface
INFO [2019-10-04 08:28:43] [1] "bold"
INFO [2019-10-04 08:28:43] 
INFO [2019-10-04 08:28:43] $cat.fontfamily
INFO [2019-10-04 08:28:43] [1] "sans"
INFO [2019-10-04 08:28:43] 
INFO [2019-10-04 08:28:43] $scaled
INFO [2019-10-04 08:28:43] [1] TRUE
INFO [2019-10-04 08:28:43] 
INFO [2019-10-04 08:28:43] $height
INFO [2019-10-04 08:28:43] [1] 3000
INFO [2019-10-04 08:28:43] 
INFO [2019-10-04 08:28:43] $width
INFO [2019-10-04 08:28:43] [1] 3000
INFO [2019-10-04 08:28:43] 
INFO [2019-10-04 08:28:43] $resolution
INFO [2019-10-04 08:28:43] [1] 500
INFO [2019-10-04 08:28:43] 
INFO [2019-10-04 08:28:43] $imagetype
INFO [2019-10-04 08:28:43] [1] "tiff"
INFO [2019-10-04 08:28:43] 
INFO [2019-10-04 08:28:43] $direct.area
INFO [2019-10-04 08:28:43] [1] FALSE
INFO [2019-10-04 08:28:43] 
