INFO [2019-10-04 08:26:14] [[1]]
INFO [2019-10-04 08:26:14] list(resSig_Cv653$id, resSig_Cv111$id, resSig_653v111$id)
INFO [2019-10-04 08:26:14] 
INFO [2019-10-04 08:26:14] $filename
INFO [2019-10-04 08:26:14] NULL
INFO [2019-10-04 08:26:14] 
INFO [2019-10-04 08:26:14] $category.names
INFO [2019-10-04 08:26:14] c("653 vs control", "111 vs control", "653 vs 111")
INFO [2019-10-04 08:26:14] 
INFO [2019-10-04 08:26:14] $fill
INFO [2019-10-04 08:26:14] c("orangered2", "skyblue3", "orange1")
INFO [2019-10-04 08:26:14] 
INFO [2019-10-04 08:26:14] $alpha
INFO [2019-10-04 08:26:14] c(0.5, 0.5, 0.5)
INFO [2019-10-04 08:26:14] 
INFO [2019-10-04 08:26:14] $cex
INFO [2019-10-04 08:26:14] [1] 2
INFO [2019-10-04 08:26:14] 
INFO [2019-10-04 08:26:14] $fontfamily
INFO [2019-10-04 08:26:14] [1] "sans"
INFO [2019-10-04 08:26:14] 
INFO [2019-10-04 08:26:14] $cat.cex
INFO [2019-10-04 08:26:14] [1] 1
INFO [2019-10-04 08:26:14] 
INFO [2019-10-04 08:26:14] $cat.fontface
INFO [2019-10-04 08:26:14] [1] "bold"
INFO [2019-10-04 08:26:14] 
INFO [2019-10-04 08:26:14] $cat.fontfamily
INFO [2019-10-04 08:26:14] [1] "sans"
INFO [2019-10-04 08:26:14] 
INFO [2019-10-04 08:26:14] $scaled
INFO [2019-10-04 08:26:14] [1] TRUE
INFO [2019-10-04 08:26:14] 
