INFO [2019-10-03 09:05:34] [[1]]
INFO [2019-10-03 09:05:34] list(resSig_Cv653$id, resSig_Cv111$id, resSig_653v111$id)
INFO [2019-10-03 09:05:34] 
INFO [2019-10-03 09:05:34] $filename
INFO [2019-10-03 09:05:34] NULL
INFO [2019-10-03 09:05:34] 
INFO [2019-10-03 09:05:34] $category.names
INFO [2019-10-03 09:05:34] c("653 vs control", "111 vs control", "653 vs 111")
INFO [2019-10-03 09:05:34] 
INFO [2019-10-03 09:05:34] $fill
INFO [2019-10-03 09:05:34] c("orangered2", "skyblue3", "orange1")
INFO [2019-10-03 09:05:34] 
INFO [2019-10-03 09:05:34] $alpha
INFO [2019-10-03 09:05:34] c(0.5, 0.5, 0.5)
INFO [2019-10-03 09:05:34] 
INFO [2019-10-03 09:05:34] $cex
INFO [2019-10-03 09:05:34] [1] 2
INFO [2019-10-03 09:05:34] 
INFO [2019-10-03 09:05:34] $cat.fontface
INFO [2019-10-03 09:05:34] [1] "bold"
INFO [2019-10-03 09:05:34] 
INFO [2019-10-03 09:05:34] $cat.fontfamily
INFO [2019-10-03 09:05:34] [1] "sans"
INFO [2019-10-03 09:05:34] 
INFO [2019-10-03 09:05:34] $scaled
INFO [2019-10-03 09:05:34] [1] TRUE
INFO [2019-10-03 09:05:34] 
