INFO [2019-10-03 09:06:47] [[1]]
INFO [2019-10-03 09:06:47] list(resSig_Cv653$id, resSig_Cv111$id, resSig_653v111$id)
INFO [2019-10-03 09:06:47] 
INFO [2019-10-03 09:06:47] $filename
INFO [2019-10-03 09:06:47] NULL
INFO [2019-10-03 09:06:47] 
INFO [2019-10-03 09:06:47] $category.names
INFO [2019-10-03 09:06:47] c("653 vs control", "111 vs control", "653 vs 111")
INFO [2019-10-03 09:06:47] 
INFO [2019-10-03 09:06:47] $fill
INFO [2019-10-03 09:06:47] c("orangered2", "skyblue3", "orange1")
INFO [2019-10-03 09:06:47] 
INFO [2019-10-03 09:06:47] $alpha
INFO [2019-10-03 09:06:47] c(0.5, 0.5, 0.5)
INFO [2019-10-03 09:06:47] 
INFO [2019-10-03 09:06:47] $cex
INFO [2019-10-03 09:06:47] [1] 2
INFO [2019-10-03 09:06:47] 
INFO [2019-10-03 09:06:47] $fontfamily
INFO [2019-10-03 09:06:47] [1] "sans"
INFO [2019-10-03 09:06:47] 
INFO [2019-10-03 09:06:47] $cat.cex
INFO [2019-10-03 09:06:47] [1] 2
INFO [2019-10-03 09:06:47] 
INFO [2019-10-03 09:06:47] $cat.fontface
INFO [2019-10-03 09:06:47] [1] "bold"
INFO [2019-10-03 09:06:47] 
INFO [2019-10-03 09:06:47] $cat.fontfamily
INFO [2019-10-03 09:06:47] [1] "sans"
INFO [2019-10-03 09:06:47] 
INFO [2019-10-03 09:06:47] $scaled
INFO [2019-10-03 09:06:47] [1] TRUE
INFO [2019-10-03 09:06:47] 
