INFO [2019-10-04 09:47:20] [[1]]
INFO [2019-10-04 09:47:20] list(resSig_S111vS653$id, resSig_M653vM111$id, resSig_B111vB653$id)
INFO [2019-10-04 09:47:20] 
INFO [2019-10-04 09:47:20] $filename
INFO [2019-10-04 09:47:20] NULL
INFO [2019-10-04 09:47:20] 
INFO [2019-10-04 09:47:20] $category.names
INFO [2019-10-04 09:47:20] c("  potato (111) vs potato (653)", "mint (653) vs mint (111)", 
INFO [2019-10-04 09:47:20]     "mustard (111) vs mint (653)")
INFO [2019-10-04 09:47:20] 
INFO [2019-10-04 09:47:20] $fill
INFO [2019-10-04 09:47:20] c("orangered2", "skyblue3", "orange1")
INFO [2019-10-04 09:47:20] 
INFO [2019-10-04 09:47:20] $alpha
INFO [2019-10-04 09:47:20] c(0.5, 0.5, 0.5)
INFO [2019-10-04 09:47:20] 
INFO [2019-10-04 09:47:20] $cex
INFO [2019-10-04 09:47:20] [1] 2
INFO [2019-10-04 09:47:20] 
INFO [2019-10-04 09:47:20] $fontfamily
INFO [2019-10-04 09:47:20] [1] "sans"
INFO [2019-10-04 09:47:20] 
INFO [2019-10-04 09:47:20] $cat.cex
INFO [2019-10-04 09:47:20] [1] 1.2
INFO [2019-10-04 09:47:20] 
INFO [2019-10-04 09:47:20] $cat.fontface
INFO [2019-10-04 09:47:20] [1] "bold"
INFO [2019-10-04 09:47:20] 
INFO [2019-10-04 09:47:20] $cat.fontfamily
INFO [2019-10-04 09:47:20] [1] "sans"
INFO [2019-10-04 09:47:20] 
INFO [2019-10-04 09:47:20] $euler.d
INFO [2019-10-04 09:47:20] [1] TRUE
INFO [2019-10-04 09:47:20] 
INFO [2019-10-04 09:47:20] $scaled
INFO [2019-10-04 09:47:20] [1] FALSE
INFO [2019-10-04 09:47:20] 
INFO [2019-10-04 09:47:20] $height
INFO [2019-10-04 09:47:20] [1] 3000
INFO [2019-10-04 09:47:20] 
INFO [2019-10-04 09:47:20] $width
INFO [2019-10-04 09:47:20] [1] 3000
INFO [2019-10-04 09:47:20] 
INFO [2019-10-04 09:47:20] $resolution
INFO [2019-10-04 09:47:20] [1] 500
INFO [2019-10-04 09:47:20] 
INFO [2019-10-04 09:47:20] $imagetype
INFO [2019-10-04 09:47:20] [1] "tiff"
INFO [2019-10-04 09:47:20] 
