INFO [2019-10-03 09:01:16] [[1]]
INFO [2019-10-03 09:01:16] list(resSig_Cv653$id, resSig_Cv111$id, resSig_653v111$id)
INFO [2019-10-03 09:01:16] 
INFO [2019-10-03 09:01:16] $filename
INFO [2019-10-03 09:01:16] NULL
INFO [2019-10-03 09:01:16] 
INFO [2019-10-03 09:01:16] $category.names
INFO [2019-10-03 09:01:16] c("653 vs control", "111 vs control", "653 vs 111")
INFO [2019-10-03 09:01:16] 
INFO [2019-10-03 09:01:16] $fill
INFO [2019-10-03 09:01:16] c("orangered2", "skyblue3", "orange1")
INFO [2019-10-03 09:01:16] 
INFO [2019-10-03 09:01:16] $alpha
INFO [2019-10-03 09:01:16] c(0.5, 0.5, 0.5)
INFO [2019-10-03 09:01:16] 
INFO [2019-10-03 09:01:16] $cex
INFO [2019-10-03 09:01:16] [1] 2
INFO [2019-10-03 09:01:16] 
INFO [2019-10-03 09:01:16] $cat.fontface
INFO [2019-10-03 09:01:16] [1] "bold"
INFO [2019-10-03 09:01:16] 
INFO [2019-10-03 09:01:16] $cat.fontfamily
INFO [2019-10-03 09:01:16] [1] "serif"
INFO [2019-10-03 09:01:16] 
INFO [2019-10-03 09:01:16] $fontface
INFO [2019-10-03 09:01:16] [1] 5
INFO [2019-10-03 09:01:16] 
INFO [2019-10-03 09:01:16] $scaled
INFO [2019-10-03 09:01:16] [1] TRUE
INFO [2019-10-03 09:01:16] 
