INFO [2019-10-03 09:02:08] [[1]]
INFO [2019-10-03 09:02:08] list(resSig_Cv653$id, resSig_Cv111$id, resSig_653v111$id)
INFO [2019-10-03 09:02:08] 
INFO [2019-10-03 09:02:08] $filename
INFO [2019-10-03 09:02:08] NULL
INFO [2019-10-03 09:02:08] 
INFO [2019-10-03 09:02:08] $category.names
INFO [2019-10-03 09:02:08] c("653 vs control", "111 vs control", "653 vs 111")
INFO [2019-10-03 09:02:08] 
INFO [2019-10-03 09:02:08] $fill
INFO [2019-10-03 09:02:08] c("orangered2", "skyblue3", "orange1")
INFO [2019-10-03 09:02:08] 
INFO [2019-10-03 09:02:08] $alpha
INFO [2019-10-03 09:02:08] c(0.5, 0.5, 0.5)
INFO [2019-10-03 09:02:08] 
INFO [2019-10-03 09:02:08] $cex
INFO [2019-10-03 09:02:08] [1] 2
INFO [2019-10-03 09:02:08] 
INFO [2019-10-03 09:02:08] $cat.fontface
INFO [2019-10-03 09:02:08] [1] "bold"
INFO [2019-10-03 09:02:08] 
INFO [2019-10-03 09:02:08] $cat.fontfamily
INFO [2019-10-03 09:02:08] [1] "serif"
INFO [2019-10-03 09:02:08] 
INFO [2019-10-03 09:02:08] $scaled
INFO [2019-10-03 09:02:08] [1] TRUE
INFO [2019-10-03 09:02:08] 
