INFO [2019-10-22 09:06:45] [[1]]
INFO [2019-10-22 09:06:45] list(resSig_M653vS653$id, resSig_B653vS653$id, resSig_S111vM111$id, 
INFO [2019-10-22 09:06:45]     resSig_B111vM111$id)
INFO [2019-10-22 09:06:45] 
INFO [2019-10-22 09:06:45] $filename
INFO [2019-10-22 09:06:45] NULL
INFO [2019-10-22 09:06:45] 
INFO [2019-10-22 09:06:45] $category.names
INFO [2019-10-22 09:06:45] c("mint (653)\n vs\n potato (653)", "mustard (653)\n vs\n potato (653)", 
INFO [2019-10-22 09:06:45]     "potato (111)\n vs\nmint (111)", "mustard (111)\n vs\n mint (111)")
INFO [2019-10-22 09:06:45] 
INFO [2019-10-22 09:06:45] $fill
INFO [2019-10-22 09:06:45] c("tan4", "orangered2", "skyblue3", "orange1")
INFO [2019-10-22 09:06:45] 
INFO [2019-10-22 09:06:45] $alpha
INFO [2019-10-22 09:06:45] c(0.5, 0.5, 0.5, 0.5)
INFO [2019-10-22 09:06:45] 
INFO [2019-10-22 09:06:45] $cex
INFO [2019-10-22 09:06:45] [1] 2
INFO [2019-10-22 09:06:45] 
INFO [2019-10-22 09:06:45] $fontfamily
INFO [2019-10-22 09:06:45] [1] "sans"
INFO [2019-10-22 09:06:45] 
INFO [2019-10-22 09:06:45] $cat.cex
INFO [2019-10-22 09:06:45] [1] 1.4
INFO [2019-10-22 09:06:45] 
INFO [2019-10-22 09:06:45] $cat.fontface
INFO [2019-10-22 09:06:45] [1] "bold"
INFO [2019-10-22 09:06:45] 
INFO [2019-10-22 09:06:45] $cat.fontfamily
INFO [2019-10-22 09:06:45] [1] "sans"
INFO [2019-10-22 09:06:45] 
INFO [2019-10-22 09:06:45] $euler.d
INFO [2019-10-22 09:06:45] [1] TRUE
INFO [2019-10-22 09:06:45] 
INFO [2019-10-22 09:06:45] $scaled
INFO [2019-10-22 09:06:45] [1] FALSE
INFO [2019-10-22 09:06:45] 
INFO [2019-10-22 09:06:45] $height
INFO [2019-10-22 09:06:45] [1] 3000
INFO [2019-10-22 09:06:45] 
INFO [2019-10-22 09:06:45] $width
INFO [2019-10-22 09:06:45] [1] 3000
INFO [2019-10-22 09:06:45] 
INFO [2019-10-22 09:06:45] $resolution
INFO [2019-10-22 09:06:45] [1] 500
INFO [2019-10-22 09:06:45] 
INFO [2019-10-22 09:06:45] $imagetype
INFO [2019-10-22 09:06:45] [1] "tiff"
INFO [2019-10-22 09:06:45] 
