INFO [2019-10-04 09:19:35] [[1]]
INFO [2019-10-04 09:19:35] list(resSig_M653vS653$id, resSig_B653vS653$id, resSig_S111vM111$id, 
INFO [2019-10-04 09:19:35]     resSig_B111vM111$id)
INFO [2019-10-04 09:19:35] 
INFO [2019-10-04 09:19:35] $filename
INFO [2019-10-04 09:19:35] NULL
INFO [2019-10-04 09:19:35] 
INFO [2019-10-04 09:19:35] $category.names
INFO [2019-10-04 09:19:35] c("mint(653) vs potato(653)", "mustard(653) vs potato(653)", 
INFO [2019-10-04 09:19:35]     "potato(111) vs mint(111)", "mustard(111) vs potato(111)")
INFO [2019-10-04 09:19:35] 
INFO [2019-10-04 09:19:35] $fill
INFO [2019-10-04 09:19:35] c("orangered2", "skyblue3", "orange1", "green")
INFO [2019-10-04 09:19:35] 
INFO [2019-10-04 09:19:35] $alpha
INFO [2019-10-04 09:19:35] c(0.5, 0.5, 0.5, 0.5)
INFO [2019-10-04 09:19:35] 
INFO [2019-10-04 09:19:35] $cex
INFO [2019-10-04 09:19:35] [1] 2
INFO [2019-10-04 09:19:35] 
INFO [2019-10-04 09:19:35] $fontfamily
INFO [2019-10-04 09:19:35] [1] "sans"
INFO [2019-10-04 09:19:35] 
INFO [2019-10-04 09:19:35] $cat.cex
INFO [2019-10-04 09:19:35] [1] 1
INFO [2019-10-04 09:19:35] 
INFO [2019-10-04 09:19:35] $cat.fontface
INFO [2019-10-04 09:19:35] [1] "bold"
INFO [2019-10-04 09:19:35] 
INFO [2019-10-04 09:19:35] $cat.fontfamily
INFO [2019-10-04 09:19:35] [1] "sans"
INFO [2019-10-04 09:19:35] 
INFO [2019-10-04 09:19:35] $euler.d
INFO [2019-10-04 09:19:35] [1] TRUE
INFO [2019-10-04 09:19:35] 
INFO [2019-10-04 09:19:35] $scaled
INFO [2019-10-04 09:19:35] [1] FALSE
INFO [2019-10-04 09:19:35] 
INFO [2019-10-04 09:19:35] $height
INFO [2019-10-04 09:19:35] [1] 3000
INFO [2019-10-04 09:19:35] 
INFO [2019-10-04 09:19:35] $width
INFO [2019-10-04 09:19:35] [1] 3000
INFO [2019-10-04 09:19:35] 
INFO [2019-10-04 09:19:35] $resolution
INFO [2019-10-04 09:19:35] [1] 500
INFO [2019-10-04 09:19:35] 
INFO [2019-10-04 09:19:35] $imagetype
INFO [2019-10-04 09:19:35] [1] "tiff"
INFO [2019-10-04 09:19:35] 
